Created by PLY version 3.11 (http://www.dabeaz.com/ply)

Grammar

Rule 0     S' -> INICIO
Rule 1     INICIO -> R_PAQUETES R_MAIN PTCOMA IMPORTES PILA_HEAP PILA_STACK DECLARACIONES FUNCIONES
Rule 2     IMPORTES -> R_IMPORT PARIZQ LISTAIMPORTES PARDER PTCOMA
Rule 3     LISTAIMPORTES -> LISTAIMPORTES PTCOMA CADENA
Rule 4     LISTAIMPORTES -> CADENA
Rule 5     PILA_HEAP -> R_VAR ID CORIZQ ENTERO CORDER R_FLOAT PTCOMA
Rule 6     PILA_STACK -> R_VAR ID CORIZQ ENTERO CORDER R_FLOAT PTCOMA
Rule 7     DECLARACIONES -> DECLARACIONES DECLARACION
Rule 8     DECLARACIONES -> DECLARACION
Rule 9     DECLARACION -> R_VAR LISTAS R_FLOAT PTCOMA
Rule 10    LISTAS -> LISTAS COMA LISTA
Rule 11    LISTAS -> LISTA
Rule 12    LISTA -> ID
Rule 13    FUNCIONES -> FUNCIONES FUNCION
Rule 14    FUNCIONES -> FUNCION
Rule 15    FUNCION -> R_FUNCION ID PARIZQ PARDER LLAVEIZQ INSTRUCCIONES LLAVEDER
Rule 16    FUNCION -> R_FUNCION R_MAIN PARIZQ PARDER LLAVEIZQ INSTRUCCIONES LLAVEDER
Rule 17    INSTRUCCIONES -> INSTRUCCIONES INSTRUCCION
Rule 18    INSTRUCCIONES -> INSTRUCCION
Rule 19    INSTRUCCION -> ASIGNACION
Rule 20    INSTRUCCION -> PRINTS
Rule 21    INSTRUCCION -> ETIQUETAS
Rule 22    INSTRUCCION -> SALTOS
Rule 23    INSTRUCCION -> LLAMADAS
Rule 24    INSTRUCCION -> IFS
Rule 25    INSTRUCCION -> RETURN
Rule 26    RETURN -> R_RETURN PTCOMA
Rule 27    PRINTS -> R_FMT PUNTO R_PRINTF PARIZQ CADENA COMA E PARDER PTCOMA
Rule 28    PRINTS -> R_FMT PUNTO R_PRINTF PARIZQ CADENA COMA R_INT PARIZQ E PARDER PARDER PTCOMA
Rule 29    ETIQUETAS -> ID DOSPUNTITOS
Rule 30    SALTOS -> R_GOTO ID PTCOMA
Rule 31    ASIGNACION -> ID IGUAL E PTCOMA
Rule 32    ASIGNACION -> ARREGLOS IGUAL E PTCOMA
Rule 33    E -> E MAS E
Rule 34    E -> E MENOS E
Rule 35    E -> E POR E
Rule 36    E -> E DIVIDIDO E
Rule 37    E -> PARIZQ E PARDER
Rule 38    E -> R_MATH PUNTO R_MOD PARIZQ E COMA E PARDER
Rule 39    E -> MENOS E
Rule 40    E -> ID
Rule 41    E -> DECIMAL
Rule 42    E -> ENTERO
Rule 43    E -> ARREGLOS
Rule 44    IFS -> R_IF RE LLAVEIZQ SALTOS LLAVEDER
Rule 45    RE -> RE MENQUE RE
Rule 46    RE -> RE MAYQUE RE
Rule 47    RE -> RE IGUALQUE RE
Rule 48    RE -> RE NIGUALQUE RE
Rule 49    RE -> RE MENORIGUAL RE
Rule 50    RE -> RE MAYORIGUAL RE
Rule 51    RE -> PARIZQ RE PARDER
Rule 52    RE -> E
Rule 53    LLAMADAS -> ID PARIZQ PARDER PTCOMA
Rule 54    ARREGLOS -> ID CORIZQ E CORDER
Rule 55    ARREGLOS -> ID CORIZQ R_INT PARIZQ E PARDER CORDER

Terminals, with rules where they appear

CADENA               : 3 4 27 28
COMA                 : 10 27 28 38
CORDER               : 5 6 54 55
CORIZQ               : 5 6 54 55
DECIMAL              : 41
DIVIDIDO             : 36
DOSPUNTITOS          : 29
ENTERO               : 5 6 42
ID                   : 5 6 12 15 29 30 31 40 53 54 55
IGUAL                : 31 32
IGUALQUE             : 47
LLAVEDER             : 15 16 44
LLAVEIZQ             : 15 16 44
MAS                  : 33
MAYORIGUAL           : 50
MAYQUE               : 46
MENORIGUAL           : 49
MENOS                : 34 39
MENQUE               : 45
NIGUALQUE            : 48
PARDER               : 2 15 16 27 28 28 37 38 51 53 55
PARIZQ               : 2 15 16 27 28 28 37 38 51 53 55
POR                  : 35
PTCOMA               : 1 2 3 5 6 9 26 27 28 30 31 32 53
PUNTO                : 27 28 38
R_FLOAT              : 5 6 9
R_FMT                : 27 28
R_FUNCION            : 15 16
R_GOTO               : 30
R_IF                 : 44
R_IMPORT             : 2
R_INT                : 28 55
R_MAIN               : 1 16
R_MATH               : 38
R_MOD                : 38
R_PAQUETES           : 1
R_PRINTF             : 27 28
R_RETURN             : 26
R_VAR                : 5 6 9
error                : 

Nonterminals, with rules where they appear

ARREGLOS             : 32 43
ASIGNACION           : 19
DECLARACION          : 7 8
DECLARACIONES        : 1 7
E                    : 27 28 31 32 33 33 34 34 35 35 36 36 37 38 38 39 52 54 55
ETIQUETAS            : 21
FUNCION              : 13 14
FUNCIONES            : 1 13
IFS                  : 24
IMPORTES             : 1
INICIO               : 0
INSTRUCCION          : 17 18
INSTRUCCIONES        : 15 16 17
LISTA                : 10 11
LISTAIMPORTES        : 2 3
LISTAS               : 9 10
LLAMADAS             : 23
PILA_HEAP            : 1
PILA_STACK           : 1
PRINTS               : 20
RE                   : 44 45 45 46 46 47 47 48 48 49 49 50 50 51
RETURN               : 25
SALTOS               : 22 44

Parsing method: LALR

state 0

    (0) S' -> . INICIO
    (1) INICIO -> . R_PAQUETES R_MAIN PTCOMA IMPORTES PILA_HEAP PILA_STACK DECLARACIONES FUNCIONES

    R_PAQUETES      shift and go to state 2

    INICIO                         shift and go to state 1

state 1

    (0) S' -> INICIO .



state 2

    (1) INICIO -> R_PAQUETES . R_MAIN PTCOMA IMPORTES PILA_HEAP PILA_STACK DECLARACIONES FUNCIONES

    R_MAIN          shift and go to state 3


state 3

    (1) INICIO -> R_PAQUETES R_MAIN . PTCOMA IMPORTES PILA_HEAP PILA_STACK DECLARACIONES FUNCIONES

    PTCOMA          shift and go to state 4


state 4

    (1) INICIO -> R_PAQUETES R_MAIN PTCOMA . IMPORTES PILA_HEAP PILA_STACK DECLARACIONES FUNCIONES
    (2) IMPORTES -> . R_IMPORT PARIZQ LISTAIMPORTES PARDER PTCOMA

    R_IMPORT        shift and go to state 6

    IMPORTES                       shift and go to state 5

state 5

    (1) INICIO -> R_PAQUETES R_MAIN PTCOMA IMPORTES . PILA_HEAP PILA_STACK DECLARACIONES FUNCIONES
    (5) PILA_HEAP -> . R_VAR ID CORIZQ ENTERO CORDER R_FLOAT PTCOMA

    R_VAR           shift and go to state 8

    PILA_HEAP                      shift and go to state 7

state 6

    (2) IMPORTES -> R_IMPORT . PARIZQ LISTAIMPORTES PARDER PTCOMA

    PARIZQ          shift and go to state 9


state 7

    (1) INICIO -> R_PAQUETES R_MAIN PTCOMA IMPORTES PILA_HEAP . PILA_STACK DECLARACIONES FUNCIONES
    (6) PILA_STACK -> . R_VAR ID CORIZQ ENTERO CORDER R_FLOAT PTCOMA

    R_VAR           shift and go to state 11

    PILA_STACK                     shift and go to state 10

state 8

    (5) PILA_HEAP -> R_VAR . ID CORIZQ ENTERO CORDER R_FLOAT PTCOMA

    ID              shift and go to state 12


state 9

    (2) IMPORTES -> R_IMPORT PARIZQ . LISTAIMPORTES PARDER PTCOMA
    (3) LISTAIMPORTES -> . LISTAIMPORTES PTCOMA CADENA
    (4) LISTAIMPORTES -> . CADENA

    CADENA          shift and go to state 14

    LISTAIMPORTES                  shift and go to state 13

state 10

    (1) INICIO -> R_PAQUETES R_MAIN PTCOMA IMPORTES PILA_HEAP PILA_STACK . DECLARACIONES FUNCIONES
    (7) DECLARACIONES -> . DECLARACIONES DECLARACION
    (8) DECLARACIONES -> . DECLARACION
    (9) DECLARACION -> . R_VAR LISTAS R_FLOAT PTCOMA

    R_VAR           shift and go to state 17

    DECLARACIONES                  shift and go to state 15
    DECLARACION                    shift and go to state 16

state 11

    (6) PILA_STACK -> R_VAR . ID CORIZQ ENTERO CORDER R_FLOAT PTCOMA

    ID              shift and go to state 18


state 12

    (5) PILA_HEAP -> R_VAR ID . CORIZQ ENTERO CORDER R_FLOAT PTCOMA

    CORIZQ          shift and go to state 19


state 13

    (2) IMPORTES -> R_IMPORT PARIZQ LISTAIMPORTES . PARDER PTCOMA
    (3) LISTAIMPORTES -> LISTAIMPORTES . PTCOMA CADENA

    PARDER          shift and go to state 20
    PTCOMA          shift and go to state 21


state 14

    (4) LISTAIMPORTES -> CADENA .

    PARDER          reduce using rule 4 (LISTAIMPORTES -> CADENA .)
    PTCOMA          reduce using rule 4 (LISTAIMPORTES -> CADENA .)


state 15

    (1) INICIO -> R_PAQUETES R_MAIN PTCOMA IMPORTES PILA_HEAP PILA_STACK DECLARACIONES . FUNCIONES
    (7) DECLARACIONES -> DECLARACIONES . DECLARACION
    (13) FUNCIONES -> . FUNCIONES FUNCION
    (14) FUNCIONES -> . FUNCION
    (9) DECLARACION -> . R_VAR LISTAS R_FLOAT PTCOMA
    (15) FUNCION -> . R_FUNCION ID PARIZQ PARDER LLAVEIZQ INSTRUCCIONES LLAVEDER
    (16) FUNCION -> . R_FUNCION R_MAIN PARIZQ PARDER LLAVEIZQ INSTRUCCIONES LLAVEDER

    R_VAR           shift and go to state 17
    R_FUNCION       shift and go to state 25

    FUNCIONES                      shift and go to state 22
    DECLARACION                    shift and go to state 23
    FUNCION                        shift and go to state 24

state 16

    (8) DECLARACIONES -> DECLARACION .

    R_VAR           reduce using rule 8 (DECLARACIONES -> DECLARACION .)
    R_FUNCION       reduce using rule 8 (DECLARACIONES -> DECLARACION .)


state 17

    (9) DECLARACION -> R_VAR . LISTAS R_FLOAT PTCOMA
    (10) LISTAS -> . LISTAS COMA LISTA
    (11) LISTAS -> . LISTA
    (12) LISTA -> . ID

    ID              shift and go to state 28

    LISTAS                         shift and go to state 26
    LISTA                          shift and go to state 27

state 18

    (6) PILA_STACK -> R_VAR ID . CORIZQ ENTERO CORDER R_FLOAT PTCOMA

    CORIZQ          shift and go to state 29


state 19

    (5) PILA_HEAP -> R_VAR ID CORIZQ . ENTERO CORDER R_FLOAT PTCOMA

    ENTERO          shift and go to state 30


state 20

    (2) IMPORTES -> R_IMPORT PARIZQ LISTAIMPORTES PARDER . PTCOMA

    PTCOMA          shift and go to state 31


state 21

    (3) LISTAIMPORTES -> LISTAIMPORTES PTCOMA . CADENA

    CADENA          shift and go to state 32


state 22

    (1) INICIO -> R_PAQUETES R_MAIN PTCOMA IMPORTES PILA_HEAP PILA_STACK DECLARACIONES FUNCIONES .
    (13) FUNCIONES -> FUNCIONES . FUNCION
    (15) FUNCION -> . R_FUNCION ID PARIZQ PARDER LLAVEIZQ INSTRUCCIONES LLAVEDER
    (16) FUNCION -> . R_FUNCION R_MAIN PARIZQ PARDER LLAVEIZQ INSTRUCCIONES LLAVEDER

    $end            reduce using rule 1 (INICIO -> R_PAQUETES R_MAIN PTCOMA IMPORTES PILA_HEAP PILA_STACK DECLARACIONES FUNCIONES .)
    R_FUNCION       shift and go to state 25

    FUNCION                        shift and go to state 33

state 23

    (7) DECLARACIONES -> DECLARACIONES DECLARACION .

    R_VAR           reduce using rule 7 (DECLARACIONES -> DECLARACIONES DECLARACION .)
    R_FUNCION       reduce using rule 7 (DECLARACIONES -> DECLARACIONES DECLARACION .)


state 24

    (14) FUNCIONES -> FUNCION .

    R_FUNCION       reduce using rule 14 (FUNCIONES -> FUNCION .)
    $end            reduce using rule 14 (FUNCIONES -> FUNCION .)


state 25

    (15) FUNCION -> R_FUNCION . ID PARIZQ PARDER LLAVEIZQ INSTRUCCIONES LLAVEDER
    (16) FUNCION -> R_FUNCION . R_MAIN PARIZQ PARDER LLAVEIZQ INSTRUCCIONES LLAVEDER

    ID              shift and go to state 34
    R_MAIN          shift and go to state 35


state 26

    (9) DECLARACION -> R_VAR LISTAS . R_FLOAT PTCOMA
    (10) LISTAS -> LISTAS . COMA LISTA

    R_FLOAT         shift and go to state 36
    COMA            shift and go to state 37


state 27

    (11) LISTAS -> LISTA .

    R_FLOAT         reduce using rule 11 (LISTAS -> LISTA .)
    COMA            reduce using rule 11 (LISTAS -> LISTA .)


state 28

    (12) LISTA -> ID .

    R_FLOAT         reduce using rule 12 (LISTA -> ID .)
    COMA            reduce using rule 12 (LISTA -> ID .)


state 29

    (6) PILA_STACK -> R_VAR ID CORIZQ . ENTERO CORDER R_FLOAT PTCOMA

    ENTERO          shift and go to state 38


state 30

    (5) PILA_HEAP -> R_VAR ID CORIZQ ENTERO . CORDER R_FLOAT PTCOMA

    CORDER          shift and go to state 39


state 31

    (2) IMPORTES -> R_IMPORT PARIZQ LISTAIMPORTES PARDER PTCOMA .

    R_VAR           reduce using rule 2 (IMPORTES -> R_IMPORT PARIZQ LISTAIMPORTES PARDER PTCOMA .)


state 32

    (3) LISTAIMPORTES -> LISTAIMPORTES PTCOMA CADENA .

    PARDER          reduce using rule 3 (LISTAIMPORTES -> LISTAIMPORTES PTCOMA CADENA .)
    PTCOMA          reduce using rule 3 (LISTAIMPORTES -> LISTAIMPORTES PTCOMA CADENA .)


state 33

    (13) FUNCIONES -> FUNCIONES FUNCION .

    R_FUNCION       reduce using rule 13 (FUNCIONES -> FUNCIONES FUNCION .)
    $end            reduce using rule 13 (FUNCIONES -> FUNCIONES FUNCION .)


state 34

    (15) FUNCION -> R_FUNCION ID . PARIZQ PARDER LLAVEIZQ INSTRUCCIONES LLAVEDER

    PARIZQ          shift and go to state 40


state 35

    (16) FUNCION -> R_FUNCION R_MAIN . PARIZQ PARDER LLAVEIZQ INSTRUCCIONES LLAVEDER

    PARIZQ          shift and go to state 41


state 36

    (9) DECLARACION -> R_VAR LISTAS R_FLOAT . PTCOMA

    PTCOMA          shift and go to state 42


state 37

    (10) LISTAS -> LISTAS COMA . LISTA
    (12) LISTA -> . ID

    ID              shift and go to state 28

    LISTA                          shift and go to state 43

state 38

    (6) PILA_STACK -> R_VAR ID CORIZQ ENTERO . CORDER R_FLOAT PTCOMA

    CORDER          shift and go to state 44


state 39

    (5) PILA_HEAP -> R_VAR ID CORIZQ ENTERO CORDER . R_FLOAT PTCOMA

    R_FLOAT         shift and go to state 45


state 40

    (15) FUNCION -> R_FUNCION ID PARIZQ . PARDER LLAVEIZQ INSTRUCCIONES LLAVEDER

    PARDER          shift and go to state 46


state 41

    (16) FUNCION -> R_FUNCION R_MAIN PARIZQ . PARDER LLAVEIZQ INSTRUCCIONES LLAVEDER

    PARDER          shift and go to state 47


state 42

    (9) DECLARACION -> R_VAR LISTAS R_FLOAT PTCOMA .

    R_VAR           reduce using rule 9 (DECLARACION -> R_VAR LISTAS R_FLOAT PTCOMA .)
    R_FUNCION       reduce using rule 9 (DECLARACION -> R_VAR LISTAS R_FLOAT PTCOMA .)


state 43

    (10) LISTAS -> LISTAS COMA LISTA .

    R_FLOAT         reduce using rule 10 (LISTAS -> LISTAS COMA LISTA .)
    COMA            reduce using rule 10 (LISTAS -> LISTAS COMA LISTA .)


state 44

    (6) PILA_STACK -> R_VAR ID CORIZQ ENTERO CORDER . R_FLOAT PTCOMA

    R_FLOAT         shift and go to state 48


state 45

    (5) PILA_HEAP -> R_VAR ID CORIZQ ENTERO CORDER R_FLOAT . PTCOMA

    PTCOMA          shift and go to state 49


state 46

    (15) FUNCION -> R_FUNCION ID PARIZQ PARDER . LLAVEIZQ INSTRUCCIONES LLAVEDER

    LLAVEIZQ        shift and go to state 50


state 47

    (16) FUNCION -> R_FUNCION R_MAIN PARIZQ PARDER . LLAVEIZQ INSTRUCCIONES LLAVEDER

    LLAVEIZQ        shift and go to state 51


state 48

    (6) PILA_STACK -> R_VAR ID CORIZQ ENTERO CORDER R_FLOAT . PTCOMA

    PTCOMA          shift and go to state 52


state 49

    (5) PILA_HEAP -> R_VAR ID CORIZQ ENTERO CORDER R_FLOAT PTCOMA .

    R_VAR           reduce using rule 5 (PILA_HEAP -> R_VAR ID CORIZQ ENTERO CORDER R_FLOAT PTCOMA .)


state 50

    (15) FUNCION -> R_FUNCION ID PARIZQ PARDER LLAVEIZQ . INSTRUCCIONES LLAVEDER
    (17) INSTRUCCIONES -> . INSTRUCCIONES INSTRUCCION
    (18) INSTRUCCIONES -> . INSTRUCCION
    (19) INSTRUCCION -> . ASIGNACION
    (20) INSTRUCCION -> . PRINTS
    (21) INSTRUCCION -> . ETIQUETAS
    (22) INSTRUCCION -> . SALTOS
    (23) INSTRUCCION -> . LLAMADAS
    (24) INSTRUCCION -> . IFS
    (25) INSTRUCCION -> . RETURN
    (31) ASIGNACION -> . ID IGUAL E PTCOMA
    (32) ASIGNACION -> . ARREGLOS IGUAL E PTCOMA
    (27) PRINTS -> . R_FMT PUNTO R_PRINTF PARIZQ CADENA COMA E PARDER PTCOMA
    (28) PRINTS -> . R_FMT PUNTO R_PRINTF PARIZQ CADENA COMA R_INT PARIZQ E PARDER PARDER PTCOMA
    (29) ETIQUETAS -> . ID DOSPUNTITOS
    (30) SALTOS -> . R_GOTO ID PTCOMA
    (53) LLAMADAS -> . ID PARIZQ PARDER PTCOMA
    (44) IFS -> . R_IF RE LLAVEIZQ SALTOS LLAVEDER
    (26) RETURN -> . R_RETURN PTCOMA
    (54) ARREGLOS -> . ID CORIZQ E CORDER
    (55) ARREGLOS -> . ID CORIZQ R_INT PARIZQ E PARDER CORDER

    ID              shift and go to state 53
    R_FMT           shift and go to state 64
    R_GOTO          shift and go to state 65
    R_IF            shift and go to state 66
    R_RETURN        shift and go to state 67

    INSTRUCCIONES                  shift and go to state 54
    INSTRUCCION                    shift and go to state 55
    ASIGNACION                     shift and go to state 56
    PRINTS                         shift and go to state 57
    ETIQUETAS                      shift and go to state 58
    SALTOS                         shift and go to state 59
    LLAMADAS                       shift and go to state 60
    IFS                            shift and go to state 61
    RETURN                         shift and go to state 62
    ARREGLOS                       shift and go to state 63

state 51

    (16) FUNCION -> R_FUNCION R_MAIN PARIZQ PARDER LLAVEIZQ . INSTRUCCIONES LLAVEDER
    (17) INSTRUCCIONES -> . INSTRUCCIONES INSTRUCCION
    (18) INSTRUCCIONES -> . INSTRUCCION
    (19) INSTRUCCION -> . ASIGNACION
    (20) INSTRUCCION -> . PRINTS
    (21) INSTRUCCION -> . ETIQUETAS
    (22) INSTRUCCION -> . SALTOS
    (23) INSTRUCCION -> . LLAMADAS
    (24) INSTRUCCION -> . IFS
    (25) INSTRUCCION -> . RETURN
    (31) ASIGNACION -> . ID IGUAL E PTCOMA
    (32) ASIGNACION -> . ARREGLOS IGUAL E PTCOMA
    (27) PRINTS -> . R_FMT PUNTO R_PRINTF PARIZQ CADENA COMA E PARDER PTCOMA
    (28) PRINTS -> . R_FMT PUNTO R_PRINTF PARIZQ CADENA COMA R_INT PARIZQ E PARDER PARDER PTCOMA
    (29) ETIQUETAS -> . ID DOSPUNTITOS
    (30) SALTOS -> . R_GOTO ID PTCOMA
    (53) LLAMADAS -> . ID PARIZQ PARDER PTCOMA
    (44) IFS -> . R_IF RE LLAVEIZQ SALTOS LLAVEDER
    (26) RETURN -> . R_RETURN PTCOMA
    (54) ARREGLOS -> . ID CORIZQ E CORDER
    (55) ARREGLOS -> . ID CORIZQ R_INT PARIZQ E PARDER CORDER

    ID              shift and go to state 53
    R_FMT           shift and go to state 64
    R_GOTO          shift and go to state 65
    R_IF            shift and go to state 66
    R_RETURN        shift and go to state 67

    INSTRUCCIONES                  shift and go to state 68
    INSTRUCCION                    shift and go to state 55
    ASIGNACION                     shift and go to state 56
    PRINTS                         shift and go to state 57
    ETIQUETAS                      shift and go to state 58
    SALTOS                         shift and go to state 59
    LLAMADAS                       shift and go to state 60
    IFS                            shift and go to state 61
    RETURN                         shift and go to state 62
    ARREGLOS                       shift and go to state 63

state 52

    (6) PILA_STACK -> R_VAR ID CORIZQ ENTERO CORDER R_FLOAT PTCOMA .

    R_VAR           reduce using rule 6 (PILA_STACK -> R_VAR ID CORIZQ ENTERO CORDER R_FLOAT PTCOMA .)


state 53

    (31) ASIGNACION -> ID . IGUAL E PTCOMA
    (29) ETIQUETAS -> ID . DOSPUNTITOS
    (53) LLAMADAS -> ID . PARIZQ PARDER PTCOMA
    (54) ARREGLOS -> ID . CORIZQ E CORDER
    (55) ARREGLOS -> ID . CORIZQ R_INT PARIZQ E PARDER CORDER

    IGUAL           shift and go to state 69
    DOSPUNTITOS     shift and go to state 70
    PARIZQ          shift and go to state 71
    CORIZQ          shift and go to state 72


state 54

    (15) FUNCION -> R_FUNCION ID PARIZQ PARDER LLAVEIZQ INSTRUCCIONES . LLAVEDER
    (17) INSTRUCCIONES -> INSTRUCCIONES . INSTRUCCION
    (19) INSTRUCCION -> . ASIGNACION
    (20) INSTRUCCION -> . PRINTS
    (21) INSTRUCCION -> . ETIQUETAS
    (22) INSTRUCCION -> . SALTOS
    (23) INSTRUCCION -> . LLAMADAS
    (24) INSTRUCCION -> . IFS
    (25) INSTRUCCION -> . RETURN
    (31) ASIGNACION -> . ID IGUAL E PTCOMA
    (32) ASIGNACION -> . ARREGLOS IGUAL E PTCOMA
    (27) PRINTS -> . R_FMT PUNTO R_PRINTF PARIZQ CADENA COMA E PARDER PTCOMA
    (28) PRINTS -> . R_FMT PUNTO R_PRINTF PARIZQ CADENA COMA R_INT PARIZQ E PARDER PARDER PTCOMA
    (29) ETIQUETAS -> . ID DOSPUNTITOS
    (30) SALTOS -> . R_GOTO ID PTCOMA
    (53) LLAMADAS -> . ID PARIZQ PARDER PTCOMA
    (44) IFS -> . R_IF RE LLAVEIZQ SALTOS LLAVEDER
    (26) RETURN -> . R_RETURN PTCOMA
    (54) ARREGLOS -> . ID CORIZQ E CORDER
    (55) ARREGLOS -> . ID CORIZQ R_INT PARIZQ E PARDER CORDER

    LLAVEDER        shift and go to state 73
    ID              shift and go to state 53
    R_FMT           shift and go to state 64
    R_GOTO          shift and go to state 65
    R_IF            shift and go to state 66
    R_RETURN        shift and go to state 67

    INSTRUCCION                    shift and go to state 74
    ASIGNACION                     shift and go to state 56
    PRINTS                         shift and go to state 57
    ETIQUETAS                      shift and go to state 58
    SALTOS                         shift and go to state 59
    LLAMADAS                       shift and go to state 60
    IFS                            shift and go to state 61
    RETURN                         shift and go to state 62
    ARREGLOS                       shift and go to state 63

state 55

    (18) INSTRUCCIONES -> INSTRUCCION .

    LLAVEDER        reduce using rule 18 (INSTRUCCIONES -> INSTRUCCION .)
    ID              reduce using rule 18 (INSTRUCCIONES -> INSTRUCCION .)
    R_FMT           reduce using rule 18 (INSTRUCCIONES -> INSTRUCCION .)
    R_GOTO          reduce using rule 18 (INSTRUCCIONES -> INSTRUCCION .)
    R_IF            reduce using rule 18 (INSTRUCCIONES -> INSTRUCCION .)
    R_RETURN        reduce using rule 18 (INSTRUCCIONES -> INSTRUCCION .)


state 56

    (19) INSTRUCCION -> ASIGNACION .

    LLAVEDER        reduce using rule 19 (INSTRUCCION -> ASIGNACION .)
    ID              reduce using rule 19 (INSTRUCCION -> ASIGNACION .)
    R_FMT           reduce using rule 19 (INSTRUCCION -> ASIGNACION .)
    R_GOTO          reduce using rule 19 (INSTRUCCION -> ASIGNACION .)
    R_IF            reduce using rule 19 (INSTRUCCION -> ASIGNACION .)
    R_RETURN        reduce using rule 19 (INSTRUCCION -> ASIGNACION .)


state 57

    (20) INSTRUCCION -> PRINTS .

    LLAVEDER        reduce using rule 20 (INSTRUCCION -> PRINTS .)
    ID              reduce using rule 20 (INSTRUCCION -> PRINTS .)
    R_FMT           reduce using rule 20 (INSTRUCCION -> PRINTS .)
    R_GOTO          reduce using rule 20 (INSTRUCCION -> PRINTS .)
    R_IF            reduce using rule 20 (INSTRUCCION -> PRINTS .)
    R_RETURN        reduce using rule 20 (INSTRUCCION -> PRINTS .)


state 58

    (21) INSTRUCCION -> ETIQUETAS .

    LLAVEDER        reduce using rule 21 (INSTRUCCION -> ETIQUETAS .)
    ID              reduce using rule 21 (INSTRUCCION -> ETIQUETAS .)
    R_FMT           reduce using rule 21 (INSTRUCCION -> ETIQUETAS .)
    R_GOTO          reduce using rule 21 (INSTRUCCION -> ETIQUETAS .)
    R_IF            reduce using rule 21 (INSTRUCCION -> ETIQUETAS .)
    R_RETURN        reduce using rule 21 (INSTRUCCION -> ETIQUETAS .)


state 59

    (22) INSTRUCCION -> SALTOS .

    LLAVEDER        reduce using rule 22 (INSTRUCCION -> SALTOS .)
    ID              reduce using rule 22 (INSTRUCCION -> SALTOS .)
    R_FMT           reduce using rule 22 (INSTRUCCION -> SALTOS .)
    R_GOTO          reduce using rule 22 (INSTRUCCION -> SALTOS .)
    R_IF            reduce using rule 22 (INSTRUCCION -> SALTOS .)
    R_RETURN        reduce using rule 22 (INSTRUCCION -> SALTOS .)


state 60

    (23) INSTRUCCION -> LLAMADAS .

    LLAVEDER        reduce using rule 23 (INSTRUCCION -> LLAMADAS .)
    ID              reduce using rule 23 (INSTRUCCION -> LLAMADAS .)
    R_FMT           reduce using rule 23 (INSTRUCCION -> LLAMADAS .)
    R_GOTO          reduce using rule 23 (INSTRUCCION -> LLAMADAS .)
    R_IF            reduce using rule 23 (INSTRUCCION -> LLAMADAS .)
    R_RETURN        reduce using rule 23 (INSTRUCCION -> LLAMADAS .)


state 61

    (24) INSTRUCCION -> IFS .

    LLAVEDER        reduce using rule 24 (INSTRUCCION -> IFS .)
    ID              reduce using rule 24 (INSTRUCCION -> IFS .)
    R_FMT           reduce using rule 24 (INSTRUCCION -> IFS .)
    R_GOTO          reduce using rule 24 (INSTRUCCION -> IFS .)
    R_IF            reduce using rule 24 (INSTRUCCION -> IFS .)
    R_RETURN        reduce using rule 24 (INSTRUCCION -> IFS .)


state 62

    (25) INSTRUCCION -> RETURN .

    LLAVEDER        reduce using rule 25 (INSTRUCCION -> RETURN .)
    ID              reduce using rule 25 (INSTRUCCION -> RETURN .)
    R_FMT           reduce using rule 25 (INSTRUCCION -> RETURN .)
    R_GOTO          reduce using rule 25 (INSTRUCCION -> RETURN .)
    R_IF            reduce using rule 25 (INSTRUCCION -> RETURN .)
    R_RETURN        reduce using rule 25 (INSTRUCCION -> RETURN .)


state 63

    (32) ASIGNACION -> ARREGLOS . IGUAL E PTCOMA

    IGUAL           shift and go to state 75


state 64

    (27) PRINTS -> R_FMT . PUNTO R_PRINTF PARIZQ CADENA COMA E PARDER PTCOMA
    (28) PRINTS -> R_FMT . PUNTO R_PRINTF PARIZQ CADENA COMA R_INT PARIZQ E PARDER PARDER PTCOMA

    PUNTO           shift and go to state 76


state 65

    (30) SALTOS -> R_GOTO . ID PTCOMA

    ID              shift and go to state 77


state 66

    (44) IFS -> R_IF . RE LLAVEIZQ SALTOS LLAVEDER
    (45) RE -> . RE MENQUE RE
    (46) RE -> . RE MAYQUE RE
    (47) RE -> . RE IGUALQUE RE
    (48) RE -> . RE NIGUALQUE RE
    (49) RE -> . RE MENORIGUAL RE
    (50) RE -> . RE MAYORIGUAL RE
    (51) RE -> . PARIZQ RE PARDER
    (52) RE -> . E
    (33) E -> . E MAS E
    (34) E -> . E MENOS E
    (35) E -> . E POR E
    (36) E -> . E DIVIDIDO E
    (37) E -> . PARIZQ E PARDER
    (38) E -> . R_MATH PUNTO R_MOD PARIZQ E COMA E PARDER
    (39) E -> . MENOS E
    (40) E -> . ID
    (41) E -> . DECIMAL
    (42) E -> . ENTERO
    (43) E -> . ARREGLOS
    (54) ARREGLOS -> . ID CORIZQ E CORDER
    (55) ARREGLOS -> . ID CORIZQ R_INT PARIZQ E PARDER CORDER

    PARIZQ          shift and go to state 79
    R_MATH          shift and go to state 82
    MENOS           shift and go to state 81
    ID              shift and go to state 83
    DECIMAL         shift and go to state 84
    ENTERO          shift and go to state 85

    RE                             shift and go to state 78
    E                              shift and go to state 80
    ARREGLOS                       shift and go to state 86

state 67

    (26) RETURN -> R_RETURN . PTCOMA

    PTCOMA          shift and go to state 87


state 68

    (16) FUNCION -> R_FUNCION R_MAIN PARIZQ PARDER LLAVEIZQ INSTRUCCIONES . LLAVEDER
    (17) INSTRUCCIONES -> INSTRUCCIONES . INSTRUCCION
    (19) INSTRUCCION -> . ASIGNACION
    (20) INSTRUCCION -> . PRINTS
    (21) INSTRUCCION -> . ETIQUETAS
    (22) INSTRUCCION -> . SALTOS
    (23) INSTRUCCION -> . LLAMADAS
    (24) INSTRUCCION -> . IFS
    (25) INSTRUCCION -> . RETURN
    (31) ASIGNACION -> . ID IGUAL E PTCOMA
    (32) ASIGNACION -> . ARREGLOS IGUAL E PTCOMA
    (27) PRINTS -> . R_FMT PUNTO R_PRINTF PARIZQ CADENA COMA E PARDER PTCOMA
    (28) PRINTS -> . R_FMT PUNTO R_PRINTF PARIZQ CADENA COMA R_INT PARIZQ E PARDER PARDER PTCOMA
    (29) ETIQUETAS -> . ID DOSPUNTITOS
    (30) SALTOS -> . R_GOTO ID PTCOMA
    (53) LLAMADAS -> . ID PARIZQ PARDER PTCOMA
    (44) IFS -> . R_IF RE LLAVEIZQ SALTOS LLAVEDER
    (26) RETURN -> . R_RETURN PTCOMA
    (54) ARREGLOS -> . ID CORIZQ E CORDER
    (55) ARREGLOS -> . ID CORIZQ R_INT PARIZQ E PARDER CORDER

    LLAVEDER        shift and go to state 88
    ID              shift and go to state 53
    R_FMT           shift and go to state 64
    R_GOTO          shift and go to state 65
    R_IF            shift and go to state 66
    R_RETURN        shift and go to state 67

    INSTRUCCION                    shift and go to state 74
    ASIGNACION                     shift and go to state 56
    PRINTS                         shift and go to state 57
    ETIQUETAS                      shift and go to state 58
    SALTOS                         shift and go to state 59
    LLAMADAS                       shift and go to state 60
    IFS                            shift and go to state 61
    RETURN                         shift and go to state 62
    ARREGLOS                       shift and go to state 63

state 69

    (31) ASIGNACION -> ID IGUAL . E PTCOMA
    (33) E -> . E MAS E
    (34) E -> . E MENOS E
    (35) E -> . E POR E
    (36) E -> . E DIVIDIDO E
    (37) E -> . PARIZQ E PARDER
    (38) E -> . R_MATH PUNTO R_MOD PARIZQ E COMA E PARDER
    (39) E -> . MENOS E
    (40) E -> . ID
    (41) E -> . DECIMAL
    (42) E -> . ENTERO
    (43) E -> . ARREGLOS
    (54) ARREGLOS -> . ID CORIZQ E CORDER
    (55) ARREGLOS -> . ID CORIZQ R_INT PARIZQ E PARDER CORDER

    PARIZQ          shift and go to state 90
    R_MATH          shift and go to state 82
    MENOS           shift and go to state 81
    ID              shift and go to state 83
    DECIMAL         shift and go to state 84
    ENTERO          shift and go to state 85

    E                              shift and go to state 89
    ARREGLOS                       shift and go to state 86

state 70

    (29) ETIQUETAS -> ID DOSPUNTITOS .

    LLAVEDER        reduce using rule 29 (ETIQUETAS -> ID DOSPUNTITOS .)
    ID              reduce using rule 29 (ETIQUETAS -> ID DOSPUNTITOS .)
    R_FMT           reduce using rule 29 (ETIQUETAS -> ID DOSPUNTITOS .)
    R_GOTO          reduce using rule 29 (ETIQUETAS -> ID DOSPUNTITOS .)
    R_IF            reduce using rule 29 (ETIQUETAS -> ID DOSPUNTITOS .)
    R_RETURN        reduce using rule 29 (ETIQUETAS -> ID DOSPUNTITOS .)


state 71

    (53) LLAMADAS -> ID PARIZQ . PARDER PTCOMA

    PARDER          shift and go to state 91


state 72

    (54) ARREGLOS -> ID CORIZQ . E CORDER
    (55) ARREGLOS -> ID CORIZQ . R_INT PARIZQ E PARDER CORDER
    (33) E -> . E MAS E
    (34) E -> . E MENOS E
    (35) E -> . E POR E
    (36) E -> . E DIVIDIDO E
    (37) E -> . PARIZQ E PARDER
    (38) E -> . R_MATH PUNTO R_MOD PARIZQ E COMA E PARDER
    (39) E -> . MENOS E
    (40) E -> . ID
    (41) E -> . DECIMAL
    (42) E -> . ENTERO
    (43) E -> . ARREGLOS
    (54) ARREGLOS -> . ID CORIZQ E CORDER
    (55) ARREGLOS -> . ID CORIZQ R_INT PARIZQ E PARDER CORDER

    R_INT           shift and go to state 93
    PARIZQ          shift and go to state 90
    R_MATH          shift and go to state 82
    MENOS           shift and go to state 81
    ID              shift and go to state 83
    DECIMAL         shift and go to state 84
    ENTERO          shift and go to state 85

    E                              shift and go to state 92
    ARREGLOS                       shift and go to state 86

state 73

    (15) FUNCION -> R_FUNCION ID PARIZQ PARDER LLAVEIZQ INSTRUCCIONES LLAVEDER .

    R_FUNCION       reduce using rule 15 (FUNCION -> R_FUNCION ID PARIZQ PARDER LLAVEIZQ INSTRUCCIONES LLAVEDER .)
    $end            reduce using rule 15 (FUNCION -> R_FUNCION ID PARIZQ PARDER LLAVEIZQ INSTRUCCIONES LLAVEDER .)


state 74

    (17) INSTRUCCIONES -> INSTRUCCIONES INSTRUCCION .

    LLAVEDER        reduce using rule 17 (INSTRUCCIONES -> INSTRUCCIONES INSTRUCCION .)
    ID              reduce using rule 17 (INSTRUCCIONES -> INSTRUCCIONES INSTRUCCION .)
    R_FMT           reduce using rule 17 (INSTRUCCIONES -> INSTRUCCIONES INSTRUCCION .)
    R_GOTO          reduce using rule 17 (INSTRUCCIONES -> INSTRUCCIONES INSTRUCCION .)
    R_IF            reduce using rule 17 (INSTRUCCIONES -> INSTRUCCIONES INSTRUCCION .)
    R_RETURN        reduce using rule 17 (INSTRUCCIONES -> INSTRUCCIONES INSTRUCCION .)


state 75

    (32) ASIGNACION -> ARREGLOS IGUAL . E PTCOMA
    (33) E -> . E MAS E
    (34) E -> . E MENOS E
    (35) E -> . E POR E
    (36) E -> . E DIVIDIDO E
    (37) E -> . PARIZQ E PARDER
    (38) E -> . R_MATH PUNTO R_MOD PARIZQ E COMA E PARDER
    (39) E -> . MENOS E
    (40) E -> . ID
    (41) E -> . DECIMAL
    (42) E -> . ENTERO
    (43) E -> . ARREGLOS
    (54) ARREGLOS -> . ID CORIZQ E CORDER
    (55) ARREGLOS -> . ID CORIZQ R_INT PARIZQ E PARDER CORDER

    PARIZQ          shift and go to state 90
    R_MATH          shift and go to state 82
    MENOS           shift and go to state 81
    ID              shift and go to state 83
    DECIMAL         shift and go to state 84
    ENTERO          shift and go to state 85

    ARREGLOS                       shift and go to state 86
    E                              shift and go to state 94

state 76

    (27) PRINTS -> R_FMT PUNTO . R_PRINTF PARIZQ CADENA COMA E PARDER PTCOMA
    (28) PRINTS -> R_FMT PUNTO . R_PRINTF PARIZQ CADENA COMA R_INT PARIZQ E PARDER PARDER PTCOMA

    R_PRINTF        shift and go to state 95


state 77

    (30) SALTOS -> R_GOTO ID . PTCOMA

    PTCOMA          shift and go to state 96


state 78

    (44) IFS -> R_IF RE . LLAVEIZQ SALTOS LLAVEDER
    (45) RE -> RE . MENQUE RE
    (46) RE -> RE . MAYQUE RE
    (47) RE -> RE . IGUALQUE RE
    (48) RE -> RE . NIGUALQUE RE
    (49) RE -> RE . MENORIGUAL RE
    (50) RE -> RE . MAYORIGUAL RE

    LLAVEIZQ        shift and go to state 97
    MENQUE          shift and go to state 98
    MAYQUE          shift and go to state 99
    IGUALQUE        shift and go to state 100
    NIGUALQUE       shift and go to state 101
    MENORIGUAL      shift and go to state 102
    MAYORIGUAL      shift and go to state 103


state 79

    (51) RE -> PARIZQ . RE PARDER
    (37) E -> PARIZQ . E PARDER
    (45) RE -> . RE MENQUE RE
    (46) RE -> . RE MAYQUE RE
    (47) RE -> . RE IGUALQUE RE
    (48) RE -> . RE NIGUALQUE RE
    (49) RE -> . RE MENORIGUAL RE
    (50) RE -> . RE MAYORIGUAL RE
    (51) RE -> . PARIZQ RE PARDER
    (52) RE -> . E
    (33) E -> . E MAS E
    (34) E -> . E MENOS E
    (35) E -> . E POR E
    (36) E -> . E DIVIDIDO E
    (37) E -> . PARIZQ E PARDER
    (38) E -> . R_MATH PUNTO R_MOD PARIZQ E COMA E PARDER
    (39) E -> . MENOS E
    (40) E -> . ID
    (41) E -> . DECIMAL
    (42) E -> . ENTERO
    (43) E -> . ARREGLOS
    (54) ARREGLOS -> . ID CORIZQ E CORDER
    (55) ARREGLOS -> . ID CORIZQ R_INT PARIZQ E PARDER CORDER

    PARIZQ          shift and go to state 79
    R_MATH          shift and go to state 82
    MENOS           shift and go to state 81
    ID              shift and go to state 83
    DECIMAL         shift and go to state 84
    ENTERO          shift and go to state 85

    RE                             shift and go to state 104
    E                              shift and go to state 105
    ARREGLOS                       shift and go to state 86

state 80

    (52) RE -> E .
    (33) E -> E . MAS E
    (34) E -> E . MENOS E
    (35) E -> E . POR E
    (36) E -> E . DIVIDIDO E

    LLAVEIZQ        reduce using rule 52 (RE -> E .)
    MENQUE          reduce using rule 52 (RE -> E .)
    MAYQUE          reduce using rule 52 (RE -> E .)
    IGUALQUE        reduce using rule 52 (RE -> E .)
    NIGUALQUE       reduce using rule 52 (RE -> E .)
    MENORIGUAL      reduce using rule 52 (RE -> E .)
    MAYORIGUAL      reduce using rule 52 (RE -> E .)
    PARDER          reduce using rule 52 (RE -> E .)
    MAS             shift and go to state 106
    MENOS           shift and go to state 107
    POR             shift and go to state 108
    DIVIDIDO        shift and go to state 109


state 81

    (39) E -> MENOS . E
    (33) E -> . E MAS E
    (34) E -> . E MENOS E
    (35) E -> . E POR E
    (36) E -> . E DIVIDIDO E
    (37) E -> . PARIZQ E PARDER
    (38) E -> . R_MATH PUNTO R_MOD PARIZQ E COMA E PARDER
    (39) E -> . MENOS E
    (40) E -> . ID
    (41) E -> . DECIMAL
    (42) E -> . ENTERO
    (43) E -> . ARREGLOS
    (54) ARREGLOS -> . ID CORIZQ E CORDER
    (55) ARREGLOS -> . ID CORIZQ R_INT PARIZQ E PARDER CORDER

    PARIZQ          shift and go to state 90
    R_MATH          shift and go to state 82
    MENOS           shift and go to state 81
    ID              shift and go to state 83
    DECIMAL         shift and go to state 84
    ENTERO          shift and go to state 85

    E                              shift and go to state 110
    ARREGLOS                       shift and go to state 86

state 82

    (38) E -> R_MATH . PUNTO R_MOD PARIZQ E COMA E PARDER

    PUNTO           shift and go to state 111


state 83

    (40) E -> ID .
    (54) ARREGLOS -> ID . CORIZQ E CORDER
    (55) ARREGLOS -> ID . CORIZQ R_INT PARIZQ E PARDER CORDER

    MAS             reduce using rule 40 (E -> ID .)
    MENOS           reduce using rule 40 (E -> ID .)
    POR             reduce using rule 40 (E -> ID .)
    DIVIDIDO        reduce using rule 40 (E -> ID .)
    LLAVEIZQ        reduce using rule 40 (E -> ID .)
    MENQUE          reduce using rule 40 (E -> ID .)
    MAYQUE          reduce using rule 40 (E -> ID .)
    IGUALQUE        reduce using rule 40 (E -> ID .)
    NIGUALQUE       reduce using rule 40 (E -> ID .)
    MENORIGUAL      reduce using rule 40 (E -> ID .)
    MAYORIGUAL      reduce using rule 40 (E -> ID .)
    PTCOMA          reduce using rule 40 (E -> ID .)
    CORDER          reduce using rule 40 (E -> ID .)
    PARDER          reduce using rule 40 (E -> ID .)
    COMA            reduce using rule 40 (E -> ID .)
    CORIZQ          shift and go to state 72


state 84

    (41) E -> DECIMAL .

    MAS             reduce using rule 41 (E -> DECIMAL .)
    MENOS           reduce using rule 41 (E -> DECIMAL .)
    POR             reduce using rule 41 (E -> DECIMAL .)
    DIVIDIDO        reduce using rule 41 (E -> DECIMAL .)
    LLAVEIZQ        reduce using rule 41 (E -> DECIMAL .)
    MENQUE          reduce using rule 41 (E -> DECIMAL .)
    MAYQUE          reduce using rule 41 (E -> DECIMAL .)
    IGUALQUE        reduce using rule 41 (E -> DECIMAL .)
    NIGUALQUE       reduce using rule 41 (E -> DECIMAL .)
    MENORIGUAL      reduce using rule 41 (E -> DECIMAL .)
    MAYORIGUAL      reduce using rule 41 (E -> DECIMAL .)
    PTCOMA          reduce using rule 41 (E -> DECIMAL .)
    CORDER          reduce using rule 41 (E -> DECIMAL .)
    PARDER          reduce using rule 41 (E -> DECIMAL .)
    COMA            reduce using rule 41 (E -> DECIMAL .)


state 85

    (42) E -> ENTERO .

    MAS             reduce using rule 42 (E -> ENTERO .)
    MENOS           reduce using rule 42 (E -> ENTERO .)
    POR             reduce using rule 42 (E -> ENTERO .)
    DIVIDIDO        reduce using rule 42 (E -> ENTERO .)
    LLAVEIZQ        reduce using rule 42 (E -> ENTERO .)
    MENQUE          reduce using rule 42 (E -> ENTERO .)
    MAYQUE          reduce using rule 42 (E -> ENTERO .)
    IGUALQUE        reduce using rule 42 (E -> ENTERO .)
    NIGUALQUE       reduce using rule 42 (E -> ENTERO .)
    MENORIGUAL      reduce using rule 42 (E -> ENTERO .)
    MAYORIGUAL      reduce using rule 42 (E -> ENTERO .)
    PTCOMA          reduce using rule 42 (E -> ENTERO .)
    CORDER          reduce using rule 42 (E -> ENTERO .)
    PARDER          reduce using rule 42 (E -> ENTERO .)
    COMA            reduce using rule 42 (E -> ENTERO .)


state 86

    (43) E -> ARREGLOS .

    MAS             reduce using rule 43 (E -> ARREGLOS .)
    MENOS           reduce using rule 43 (E -> ARREGLOS .)
    POR             reduce using rule 43 (E -> ARREGLOS .)
    DIVIDIDO        reduce using rule 43 (E -> ARREGLOS .)
    LLAVEIZQ        reduce using rule 43 (E -> ARREGLOS .)
    MENQUE          reduce using rule 43 (E -> ARREGLOS .)
    MAYQUE          reduce using rule 43 (E -> ARREGLOS .)
    IGUALQUE        reduce using rule 43 (E -> ARREGLOS .)
    NIGUALQUE       reduce using rule 43 (E -> ARREGLOS .)
    MENORIGUAL      reduce using rule 43 (E -> ARREGLOS .)
    MAYORIGUAL      reduce using rule 43 (E -> ARREGLOS .)
    PTCOMA          reduce using rule 43 (E -> ARREGLOS .)
    CORDER          reduce using rule 43 (E -> ARREGLOS .)
    PARDER          reduce using rule 43 (E -> ARREGLOS .)
    COMA            reduce using rule 43 (E -> ARREGLOS .)


state 87

    (26) RETURN -> R_RETURN PTCOMA .

    LLAVEDER        reduce using rule 26 (RETURN -> R_RETURN PTCOMA .)
    ID              reduce using rule 26 (RETURN -> R_RETURN PTCOMA .)
    R_FMT           reduce using rule 26 (RETURN -> R_RETURN PTCOMA .)
    R_GOTO          reduce using rule 26 (RETURN -> R_RETURN PTCOMA .)
    R_IF            reduce using rule 26 (RETURN -> R_RETURN PTCOMA .)
    R_RETURN        reduce using rule 26 (RETURN -> R_RETURN PTCOMA .)


state 88

    (16) FUNCION -> R_FUNCION R_MAIN PARIZQ PARDER LLAVEIZQ INSTRUCCIONES LLAVEDER .

    R_FUNCION       reduce using rule 16 (FUNCION -> R_FUNCION R_MAIN PARIZQ PARDER LLAVEIZQ INSTRUCCIONES LLAVEDER .)
    $end            reduce using rule 16 (FUNCION -> R_FUNCION R_MAIN PARIZQ PARDER LLAVEIZQ INSTRUCCIONES LLAVEDER .)


state 89

    (31) ASIGNACION -> ID IGUAL E . PTCOMA
    (33) E -> E . MAS E
    (34) E -> E . MENOS E
    (35) E -> E . POR E
    (36) E -> E . DIVIDIDO E

    PTCOMA          shift and go to state 112
    MAS             shift and go to state 106
    MENOS           shift and go to state 107
    POR             shift and go to state 108
    DIVIDIDO        shift and go to state 109


state 90

    (37) E -> PARIZQ . E PARDER
    (33) E -> . E MAS E
    (34) E -> . E MENOS E
    (35) E -> . E POR E
    (36) E -> . E DIVIDIDO E
    (37) E -> . PARIZQ E PARDER
    (38) E -> . R_MATH PUNTO R_MOD PARIZQ E COMA E PARDER
    (39) E -> . MENOS E
    (40) E -> . ID
    (41) E -> . DECIMAL
    (42) E -> . ENTERO
    (43) E -> . ARREGLOS
    (54) ARREGLOS -> . ID CORIZQ E CORDER
    (55) ARREGLOS -> . ID CORIZQ R_INT PARIZQ E PARDER CORDER

    PARIZQ          shift and go to state 90
    R_MATH          shift and go to state 82
    MENOS           shift and go to state 81
    ID              shift and go to state 83
    DECIMAL         shift and go to state 84
    ENTERO          shift and go to state 85

    E                              shift and go to state 113
    ARREGLOS                       shift and go to state 86

state 91

    (53) LLAMADAS -> ID PARIZQ PARDER . PTCOMA

    PTCOMA          shift and go to state 114


state 92

    (54) ARREGLOS -> ID CORIZQ E . CORDER
    (33) E -> E . MAS E
    (34) E -> E . MENOS E
    (35) E -> E . POR E
    (36) E -> E . DIVIDIDO E

    CORDER          shift and go to state 115
    MAS             shift and go to state 106
    MENOS           shift and go to state 107
    POR             shift and go to state 108
    DIVIDIDO        shift and go to state 109


state 93

    (55) ARREGLOS -> ID CORIZQ R_INT . PARIZQ E PARDER CORDER

    PARIZQ          shift and go to state 116


state 94

    (32) ASIGNACION -> ARREGLOS IGUAL E . PTCOMA
    (33) E -> E . MAS E
    (34) E -> E . MENOS E
    (35) E -> E . POR E
    (36) E -> E . DIVIDIDO E

    PTCOMA          shift and go to state 117
    MAS             shift and go to state 106
    MENOS           shift and go to state 107
    POR             shift and go to state 108
    DIVIDIDO        shift and go to state 109


state 95

    (27) PRINTS -> R_FMT PUNTO R_PRINTF . PARIZQ CADENA COMA E PARDER PTCOMA
    (28) PRINTS -> R_FMT PUNTO R_PRINTF . PARIZQ CADENA COMA R_INT PARIZQ E PARDER PARDER PTCOMA

    PARIZQ          shift and go to state 118


state 96

    (30) SALTOS -> R_GOTO ID PTCOMA .

    LLAVEDER        reduce using rule 30 (SALTOS -> R_GOTO ID PTCOMA .)
    ID              reduce using rule 30 (SALTOS -> R_GOTO ID PTCOMA .)
    R_FMT           reduce using rule 30 (SALTOS -> R_GOTO ID PTCOMA .)
    R_GOTO          reduce using rule 30 (SALTOS -> R_GOTO ID PTCOMA .)
    R_IF            reduce using rule 30 (SALTOS -> R_GOTO ID PTCOMA .)
    R_RETURN        reduce using rule 30 (SALTOS -> R_GOTO ID PTCOMA .)


state 97

    (44) IFS -> R_IF RE LLAVEIZQ . SALTOS LLAVEDER
    (30) SALTOS -> . R_GOTO ID PTCOMA

    R_GOTO          shift and go to state 65

    SALTOS                         shift and go to state 119

state 98

    (45) RE -> RE MENQUE . RE
    (45) RE -> . RE MENQUE RE
    (46) RE -> . RE MAYQUE RE
    (47) RE -> . RE IGUALQUE RE
    (48) RE -> . RE NIGUALQUE RE
    (49) RE -> . RE MENORIGUAL RE
    (50) RE -> . RE MAYORIGUAL RE
    (51) RE -> . PARIZQ RE PARDER
    (52) RE -> . E
    (33) E -> . E MAS E
    (34) E -> . E MENOS E
    (35) E -> . E POR E
    (36) E -> . E DIVIDIDO E
    (37) E -> . PARIZQ E PARDER
    (38) E -> . R_MATH PUNTO R_MOD PARIZQ E COMA E PARDER
    (39) E -> . MENOS E
    (40) E -> . ID
    (41) E -> . DECIMAL
    (42) E -> . ENTERO
    (43) E -> . ARREGLOS
    (54) ARREGLOS -> . ID CORIZQ E CORDER
    (55) ARREGLOS -> . ID CORIZQ R_INT PARIZQ E PARDER CORDER

    PARIZQ          shift and go to state 79
    R_MATH          shift and go to state 82
    MENOS           shift and go to state 81
    ID              shift and go to state 83
    DECIMAL         shift and go to state 84
    ENTERO          shift and go to state 85

    RE                             shift and go to state 120
    E                              shift and go to state 80
    ARREGLOS                       shift and go to state 86

state 99

    (46) RE -> RE MAYQUE . RE
    (45) RE -> . RE MENQUE RE
    (46) RE -> . RE MAYQUE RE
    (47) RE -> . RE IGUALQUE RE
    (48) RE -> . RE NIGUALQUE RE
    (49) RE -> . RE MENORIGUAL RE
    (50) RE -> . RE MAYORIGUAL RE
    (51) RE -> . PARIZQ RE PARDER
    (52) RE -> . E
    (33) E -> . E MAS E
    (34) E -> . E MENOS E
    (35) E -> . E POR E
    (36) E -> . E DIVIDIDO E
    (37) E -> . PARIZQ E PARDER
    (38) E -> . R_MATH PUNTO R_MOD PARIZQ E COMA E PARDER
    (39) E -> . MENOS E
    (40) E -> . ID
    (41) E -> . DECIMAL
    (42) E -> . ENTERO
    (43) E -> . ARREGLOS
    (54) ARREGLOS -> . ID CORIZQ E CORDER
    (55) ARREGLOS -> . ID CORIZQ R_INT PARIZQ E PARDER CORDER

    PARIZQ          shift and go to state 79
    R_MATH          shift and go to state 82
    MENOS           shift and go to state 81
    ID              shift and go to state 83
    DECIMAL         shift and go to state 84
    ENTERO          shift and go to state 85

    RE                             shift and go to state 121
    E                              shift and go to state 80
    ARREGLOS                       shift and go to state 86

state 100

    (47) RE -> RE IGUALQUE . RE
    (45) RE -> . RE MENQUE RE
    (46) RE -> . RE MAYQUE RE
    (47) RE -> . RE IGUALQUE RE
    (48) RE -> . RE NIGUALQUE RE
    (49) RE -> . RE MENORIGUAL RE
    (50) RE -> . RE MAYORIGUAL RE
    (51) RE -> . PARIZQ RE PARDER
    (52) RE -> . E
    (33) E -> . E MAS E
    (34) E -> . E MENOS E
    (35) E -> . E POR E
    (36) E -> . E DIVIDIDO E
    (37) E -> . PARIZQ E PARDER
    (38) E -> . R_MATH PUNTO R_MOD PARIZQ E COMA E PARDER
    (39) E -> . MENOS E
    (40) E -> . ID
    (41) E -> . DECIMAL
    (42) E -> . ENTERO
    (43) E -> . ARREGLOS
    (54) ARREGLOS -> . ID CORIZQ E CORDER
    (55) ARREGLOS -> . ID CORIZQ R_INT PARIZQ E PARDER CORDER

    PARIZQ          shift and go to state 79
    R_MATH          shift and go to state 82
    MENOS           shift and go to state 81
    ID              shift and go to state 83
    DECIMAL         shift and go to state 84
    ENTERO          shift and go to state 85

    RE                             shift and go to state 122
    E                              shift and go to state 80
    ARREGLOS                       shift and go to state 86

state 101

    (48) RE -> RE NIGUALQUE . RE
    (45) RE -> . RE MENQUE RE
    (46) RE -> . RE MAYQUE RE
    (47) RE -> . RE IGUALQUE RE
    (48) RE -> . RE NIGUALQUE RE
    (49) RE -> . RE MENORIGUAL RE
    (50) RE -> . RE MAYORIGUAL RE
    (51) RE -> . PARIZQ RE PARDER
    (52) RE -> . E
    (33) E -> . E MAS E
    (34) E -> . E MENOS E
    (35) E -> . E POR E
    (36) E -> . E DIVIDIDO E
    (37) E -> . PARIZQ E PARDER
    (38) E -> . R_MATH PUNTO R_MOD PARIZQ E COMA E PARDER
    (39) E -> . MENOS E
    (40) E -> . ID
    (41) E -> . DECIMAL
    (42) E -> . ENTERO
    (43) E -> . ARREGLOS
    (54) ARREGLOS -> . ID CORIZQ E CORDER
    (55) ARREGLOS -> . ID CORIZQ R_INT PARIZQ E PARDER CORDER

    PARIZQ          shift and go to state 79
    R_MATH          shift and go to state 82
    MENOS           shift and go to state 81
    ID              shift and go to state 83
    DECIMAL         shift and go to state 84
    ENTERO          shift and go to state 85

    RE                             shift and go to state 123
    E                              shift and go to state 80
    ARREGLOS                       shift and go to state 86

state 102

    (49) RE -> RE MENORIGUAL . RE
    (45) RE -> . RE MENQUE RE
    (46) RE -> . RE MAYQUE RE
    (47) RE -> . RE IGUALQUE RE
    (48) RE -> . RE NIGUALQUE RE
    (49) RE -> . RE MENORIGUAL RE
    (50) RE -> . RE MAYORIGUAL RE
    (51) RE -> . PARIZQ RE PARDER
    (52) RE -> . E
    (33) E -> . E MAS E
    (34) E -> . E MENOS E
    (35) E -> . E POR E
    (36) E -> . E DIVIDIDO E
    (37) E -> . PARIZQ E PARDER
    (38) E -> . R_MATH PUNTO R_MOD PARIZQ E COMA E PARDER
    (39) E -> . MENOS E
    (40) E -> . ID
    (41) E -> . DECIMAL
    (42) E -> . ENTERO
    (43) E -> . ARREGLOS
    (54) ARREGLOS -> . ID CORIZQ E CORDER
    (55) ARREGLOS -> . ID CORIZQ R_INT PARIZQ E PARDER CORDER

    PARIZQ          shift and go to state 79
    R_MATH          shift and go to state 82
    MENOS           shift and go to state 81
    ID              shift and go to state 83
    DECIMAL         shift and go to state 84
    ENTERO          shift and go to state 85

    RE                             shift and go to state 124
    E                              shift and go to state 80
    ARREGLOS                       shift and go to state 86

state 103

    (50) RE -> RE MAYORIGUAL . RE
    (45) RE -> . RE MENQUE RE
    (46) RE -> . RE MAYQUE RE
    (47) RE -> . RE IGUALQUE RE
    (48) RE -> . RE NIGUALQUE RE
    (49) RE -> . RE MENORIGUAL RE
    (50) RE -> . RE MAYORIGUAL RE
    (51) RE -> . PARIZQ RE PARDER
    (52) RE -> . E
    (33) E -> . E MAS E
    (34) E -> . E MENOS E
    (35) E -> . E POR E
    (36) E -> . E DIVIDIDO E
    (37) E -> . PARIZQ E PARDER
    (38) E -> . R_MATH PUNTO R_MOD PARIZQ E COMA E PARDER
    (39) E -> . MENOS E
    (40) E -> . ID
    (41) E -> . DECIMAL
    (42) E -> . ENTERO
    (43) E -> . ARREGLOS
    (54) ARREGLOS -> . ID CORIZQ E CORDER
    (55) ARREGLOS -> . ID CORIZQ R_INT PARIZQ E PARDER CORDER

    PARIZQ          shift and go to state 79
    R_MATH          shift and go to state 82
    MENOS           shift and go to state 81
    ID              shift and go to state 83
    DECIMAL         shift and go to state 84
    ENTERO          shift and go to state 85

    RE                             shift and go to state 125
    E                              shift and go to state 80
    ARREGLOS                       shift and go to state 86

state 104

    (51) RE -> PARIZQ RE . PARDER
    (45) RE -> RE . MENQUE RE
    (46) RE -> RE . MAYQUE RE
    (47) RE -> RE . IGUALQUE RE
    (48) RE -> RE . NIGUALQUE RE
    (49) RE -> RE . MENORIGUAL RE
    (50) RE -> RE . MAYORIGUAL RE

    PARDER          shift and go to state 126
    MENQUE          shift and go to state 98
    MAYQUE          shift and go to state 99
    IGUALQUE        shift and go to state 100
    NIGUALQUE       shift and go to state 101
    MENORIGUAL      shift and go to state 102
    MAYORIGUAL      shift and go to state 103


state 105

    (37) E -> PARIZQ E . PARDER
    (52) RE -> E .
    (33) E -> E . MAS E
    (34) E -> E . MENOS E
    (35) E -> E . POR E
    (36) E -> E . DIVIDIDO E

  ! shift/reduce conflict for PARDER resolved as shift
    PARDER          shift and go to state 127
    MENQUE          reduce using rule 52 (RE -> E .)
    MAYQUE          reduce using rule 52 (RE -> E .)
    IGUALQUE        reduce using rule 52 (RE -> E .)
    NIGUALQUE       reduce using rule 52 (RE -> E .)
    MENORIGUAL      reduce using rule 52 (RE -> E .)
    MAYORIGUAL      reduce using rule 52 (RE -> E .)
    MAS             shift and go to state 106
    MENOS           shift and go to state 107
    POR             shift and go to state 108
    DIVIDIDO        shift and go to state 109

  ! PARDER          [ reduce using rule 52 (RE -> E .) ]


state 106

    (33) E -> E MAS . E
    (33) E -> . E MAS E
    (34) E -> . E MENOS E
    (35) E -> . E POR E
    (36) E -> . E DIVIDIDO E
    (37) E -> . PARIZQ E PARDER
    (38) E -> . R_MATH PUNTO R_MOD PARIZQ E COMA E PARDER
    (39) E -> . MENOS E
    (40) E -> . ID
    (41) E -> . DECIMAL
    (42) E -> . ENTERO
    (43) E -> . ARREGLOS
    (54) ARREGLOS -> . ID CORIZQ E CORDER
    (55) ARREGLOS -> . ID CORIZQ R_INT PARIZQ E PARDER CORDER

    PARIZQ          shift and go to state 90
    R_MATH          shift and go to state 82
    MENOS           shift and go to state 81
    ID              shift and go to state 83
    DECIMAL         shift and go to state 84
    ENTERO          shift and go to state 85

    E                              shift and go to state 128
    ARREGLOS                       shift and go to state 86

state 107

    (34) E -> E MENOS . E
    (33) E -> . E MAS E
    (34) E -> . E MENOS E
    (35) E -> . E POR E
    (36) E -> . E DIVIDIDO E
    (37) E -> . PARIZQ E PARDER
    (38) E -> . R_MATH PUNTO R_MOD PARIZQ E COMA E PARDER
    (39) E -> . MENOS E
    (40) E -> . ID
    (41) E -> . DECIMAL
    (42) E -> . ENTERO
    (43) E -> . ARREGLOS
    (54) ARREGLOS -> . ID CORIZQ E CORDER
    (55) ARREGLOS -> . ID CORIZQ R_INT PARIZQ E PARDER CORDER

    PARIZQ          shift and go to state 90
    R_MATH          shift and go to state 82
    MENOS           shift and go to state 81
    ID              shift and go to state 83
    DECIMAL         shift and go to state 84
    ENTERO          shift and go to state 85

    E                              shift and go to state 129
    ARREGLOS                       shift and go to state 86

state 108

    (35) E -> E POR . E
    (33) E -> . E MAS E
    (34) E -> . E MENOS E
    (35) E -> . E POR E
    (36) E -> . E DIVIDIDO E
    (37) E -> . PARIZQ E PARDER
    (38) E -> . R_MATH PUNTO R_MOD PARIZQ E COMA E PARDER
    (39) E -> . MENOS E
    (40) E -> . ID
    (41) E -> . DECIMAL
    (42) E -> . ENTERO
    (43) E -> . ARREGLOS
    (54) ARREGLOS -> . ID CORIZQ E CORDER
    (55) ARREGLOS -> . ID CORIZQ R_INT PARIZQ E PARDER CORDER

    PARIZQ          shift and go to state 90
    R_MATH          shift and go to state 82
    MENOS           shift and go to state 81
    ID              shift and go to state 83
    DECIMAL         shift and go to state 84
    ENTERO          shift and go to state 85

    E                              shift and go to state 130
    ARREGLOS                       shift and go to state 86

state 109

    (36) E -> E DIVIDIDO . E
    (33) E -> . E MAS E
    (34) E -> . E MENOS E
    (35) E -> . E POR E
    (36) E -> . E DIVIDIDO E
    (37) E -> . PARIZQ E PARDER
    (38) E -> . R_MATH PUNTO R_MOD PARIZQ E COMA E PARDER
    (39) E -> . MENOS E
    (40) E -> . ID
    (41) E -> . DECIMAL
    (42) E -> . ENTERO
    (43) E -> . ARREGLOS
    (54) ARREGLOS -> . ID CORIZQ E CORDER
    (55) ARREGLOS -> . ID CORIZQ R_INT PARIZQ E PARDER CORDER

    PARIZQ          shift and go to state 90
    R_MATH          shift and go to state 82
    MENOS           shift and go to state 81
    ID              shift and go to state 83
    DECIMAL         shift and go to state 84
    ENTERO          shift and go to state 85

    E                              shift and go to state 131
    ARREGLOS                       shift and go to state 86

state 110

    (39) E -> MENOS E .
    (33) E -> E . MAS E
    (34) E -> E . MENOS E
    (35) E -> E . POR E
    (36) E -> E . DIVIDIDO E

    MAS             reduce using rule 39 (E -> MENOS E .)
    MENOS           reduce using rule 39 (E -> MENOS E .)
    POR             reduce using rule 39 (E -> MENOS E .)
    DIVIDIDO        reduce using rule 39 (E -> MENOS E .)
    LLAVEIZQ        reduce using rule 39 (E -> MENOS E .)
    MENQUE          reduce using rule 39 (E -> MENOS E .)
    MAYQUE          reduce using rule 39 (E -> MENOS E .)
    IGUALQUE        reduce using rule 39 (E -> MENOS E .)
    NIGUALQUE       reduce using rule 39 (E -> MENOS E .)
    MENORIGUAL      reduce using rule 39 (E -> MENOS E .)
    MAYORIGUAL      reduce using rule 39 (E -> MENOS E .)
    PTCOMA          reduce using rule 39 (E -> MENOS E .)
    CORDER          reduce using rule 39 (E -> MENOS E .)
    PARDER          reduce using rule 39 (E -> MENOS E .)
    COMA            reduce using rule 39 (E -> MENOS E .)

  ! MAS             [ shift and go to state 106 ]
  ! MENOS           [ shift and go to state 107 ]
  ! POR             [ shift and go to state 108 ]
  ! DIVIDIDO        [ shift and go to state 109 ]


state 111

    (38) E -> R_MATH PUNTO . R_MOD PARIZQ E COMA E PARDER

    R_MOD           shift and go to state 132


state 112

    (31) ASIGNACION -> ID IGUAL E PTCOMA .

    LLAVEDER        reduce using rule 31 (ASIGNACION -> ID IGUAL E PTCOMA .)
    ID              reduce using rule 31 (ASIGNACION -> ID IGUAL E PTCOMA .)
    R_FMT           reduce using rule 31 (ASIGNACION -> ID IGUAL E PTCOMA .)
    R_GOTO          reduce using rule 31 (ASIGNACION -> ID IGUAL E PTCOMA .)
    R_IF            reduce using rule 31 (ASIGNACION -> ID IGUAL E PTCOMA .)
    R_RETURN        reduce using rule 31 (ASIGNACION -> ID IGUAL E PTCOMA .)


state 113

    (37) E -> PARIZQ E . PARDER
    (33) E -> E . MAS E
    (34) E -> E . MENOS E
    (35) E -> E . POR E
    (36) E -> E . DIVIDIDO E

    PARDER          shift and go to state 127
    MAS             shift and go to state 106
    MENOS           shift and go to state 107
    POR             shift and go to state 108
    DIVIDIDO        shift and go to state 109


state 114

    (53) LLAMADAS -> ID PARIZQ PARDER PTCOMA .

    LLAVEDER        reduce using rule 53 (LLAMADAS -> ID PARIZQ PARDER PTCOMA .)
    ID              reduce using rule 53 (LLAMADAS -> ID PARIZQ PARDER PTCOMA .)
    R_FMT           reduce using rule 53 (LLAMADAS -> ID PARIZQ PARDER PTCOMA .)
    R_GOTO          reduce using rule 53 (LLAMADAS -> ID PARIZQ PARDER PTCOMA .)
    R_IF            reduce using rule 53 (LLAMADAS -> ID PARIZQ PARDER PTCOMA .)
    R_RETURN        reduce using rule 53 (LLAMADAS -> ID PARIZQ PARDER PTCOMA .)


state 115

    (54) ARREGLOS -> ID CORIZQ E CORDER .

    IGUAL           reduce using rule 54 (ARREGLOS -> ID CORIZQ E CORDER .)
    MAS             reduce using rule 54 (ARREGLOS -> ID CORIZQ E CORDER .)
    MENOS           reduce using rule 54 (ARREGLOS -> ID CORIZQ E CORDER .)
    POR             reduce using rule 54 (ARREGLOS -> ID CORIZQ E CORDER .)
    DIVIDIDO        reduce using rule 54 (ARREGLOS -> ID CORIZQ E CORDER .)
    LLAVEIZQ        reduce using rule 54 (ARREGLOS -> ID CORIZQ E CORDER .)
    MENQUE          reduce using rule 54 (ARREGLOS -> ID CORIZQ E CORDER .)
    MAYQUE          reduce using rule 54 (ARREGLOS -> ID CORIZQ E CORDER .)
    IGUALQUE        reduce using rule 54 (ARREGLOS -> ID CORIZQ E CORDER .)
    NIGUALQUE       reduce using rule 54 (ARREGLOS -> ID CORIZQ E CORDER .)
    MENORIGUAL      reduce using rule 54 (ARREGLOS -> ID CORIZQ E CORDER .)
    MAYORIGUAL      reduce using rule 54 (ARREGLOS -> ID CORIZQ E CORDER .)
    PTCOMA          reduce using rule 54 (ARREGLOS -> ID CORIZQ E CORDER .)
    CORDER          reduce using rule 54 (ARREGLOS -> ID CORIZQ E CORDER .)
    PARDER          reduce using rule 54 (ARREGLOS -> ID CORIZQ E CORDER .)
    COMA            reduce using rule 54 (ARREGLOS -> ID CORIZQ E CORDER .)


state 116

    (55) ARREGLOS -> ID CORIZQ R_INT PARIZQ . E PARDER CORDER
    (33) E -> . E MAS E
    (34) E -> . E MENOS E
    (35) E -> . E POR E
    (36) E -> . E DIVIDIDO E
    (37) E -> . PARIZQ E PARDER
    (38) E -> . R_MATH PUNTO R_MOD PARIZQ E COMA E PARDER
    (39) E -> . MENOS E
    (40) E -> . ID
    (41) E -> . DECIMAL
    (42) E -> . ENTERO
    (43) E -> . ARREGLOS
    (54) ARREGLOS -> . ID CORIZQ E CORDER
    (55) ARREGLOS -> . ID CORIZQ R_INT PARIZQ E PARDER CORDER

    PARIZQ          shift and go to state 90
    R_MATH          shift and go to state 82
    MENOS           shift and go to state 81
    ID              shift and go to state 83
    DECIMAL         shift and go to state 84
    ENTERO          shift and go to state 85

    E                              shift and go to state 133
    ARREGLOS                       shift and go to state 86

state 117

    (32) ASIGNACION -> ARREGLOS IGUAL E PTCOMA .

    LLAVEDER        reduce using rule 32 (ASIGNACION -> ARREGLOS IGUAL E PTCOMA .)
    ID              reduce using rule 32 (ASIGNACION -> ARREGLOS IGUAL E PTCOMA .)
    R_FMT           reduce using rule 32 (ASIGNACION -> ARREGLOS IGUAL E PTCOMA .)
    R_GOTO          reduce using rule 32 (ASIGNACION -> ARREGLOS IGUAL E PTCOMA .)
    R_IF            reduce using rule 32 (ASIGNACION -> ARREGLOS IGUAL E PTCOMA .)
    R_RETURN        reduce using rule 32 (ASIGNACION -> ARREGLOS IGUAL E PTCOMA .)


state 118

    (27) PRINTS -> R_FMT PUNTO R_PRINTF PARIZQ . CADENA COMA E PARDER PTCOMA
    (28) PRINTS -> R_FMT PUNTO R_PRINTF PARIZQ . CADENA COMA R_INT PARIZQ E PARDER PARDER PTCOMA

    CADENA          shift and go to state 134


state 119

    (44) IFS -> R_IF RE LLAVEIZQ SALTOS . LLAVEDER

    LLAVEDER        shift and go to state 135


state 120

    (45) RE -> RE MENQUE RE .
    (45) RE -> RE . MENQUE RE
    (46) RE -> RE . MAYQUE RE
    (47) RE -> RE . IGUALQUE RE
    (48) RE -> RE . NIGUALQUE RE
    (49) RE -> RE . MENORIGUAL RE
    (50) RE -> RE . MAYORIGUAL RE

    LLAVEIZQ        reduce using rule 45 (RE -> RE MENQUE RE .)
    MENQUE          reduce using rule 45 (RE -> RE MENQUE RE .)
    MAYQUE          reduce using rule 45 (RE -> RE MENQUE RE .)
    IGUALQUE        reduce using rule 45 (RE -> RE MENQUE RE .)
    NIGUALQUE       reduce using rule 45 (RE -> RE MENQUE RE .)
    MENORIGUAL      reduce using rule 45 (RE -> RE MENQUE RE .)
    MAYORIGUAL      reduce using rule 45 (RE -> RE MENQUE RE .)
    PARDER          reduce using rule 45 (RE -> RE MENQUE RE .)

  ! MENQUE          [ shift and go to state 98 ]
  ! MAYQUE          [ shift and go to state 99 ]
  ! IGUALQUE        [ shift and go to state 100 ]
  ! NIGUALQUE       [ shift and go to state 101 ]
  ! MENORIGUAL      [ shift and go to state 102 ]
  ! MAYORIGUAL      [ shift and go to state 103 ]


state 121

    (46) RE -> RE MAYQUE RE .
    (45) RE -> RE . MENQUE RE
    (46) RE -> RE . MAYQUE RE
    (47) RE -> RE . IGUALQUE RE
    (48) RE -> RE . NIGUALQUE RE
    (49) RE -> RE . MENORIGUAL RE
    (50) RE -> RE . MAYORIGUAL RE

    LLAVEIZQ        reduce using rule 46 (RE -> RE MAYQUE RE .)
    MENQUE          reduce using rule 46 (RE -> RE MAYQUE RE .)
    MAYQUE          reduce using rule 46 (RE -> RE MAYQUE RE .)
    IGUALQUE        reduce using rule 46 (RE -> RE MAYQUE RE .)
    NIGUALQUE       reduce using rule 46 (RE -> RE MAYQUE RE .)
    MENORIGUAL      reduce using rule 46 (RE -> RE MAYQUE RE .)
    MAYORIGUAL      reduce using rule 46 (RE -> RE MAYQUE RE .)
    PARDER          reduce using rule 46 (RE -> RE MAYQUE RE .)

  ! MENQUE          [ shift and go to state 98 ]
  ! MAYQUE          [ shift and go to state 99 ]
  ! IGUALQUE        [ shift and go to state 100 ]
  ! NIGUALQUE       [ shift and go to state 101 ]
  ! MENORIGUAL      [ shift and go to state 102 ]
  ! MAYORIGUAL      [ shift and go to state 103 ]


state 122

    (47) RE -> RE IGUALQUE RE .
    (45) RE -> RE . MENQUE RE
    (46) RE -> RE . MAYQUE RE
    (47) RE -> RE . IGUALQUE RE
    (48) RE -> RE . NIGUALQUE RE
    (49) RE -> RE . MENORIGUAL RE
    (50) RE -> RE . MAYORIGUAL RE

    LLAVEIZQ        reduce using rule 47 (RE -> RE IGUALQUE RE .)
    IGUALQUE        reduce using rule 47 (RE -> RE IGUALQUE RE .)
    NIGUALQUE       reduce using rule 47 (RE -> RE IGUALQUE RE .)
    PARDER          reduce using rule 47 (RE -> RE IGUALQUE RE .)
    MENQUE          shift and go to state 98
    MAYQUE          shift and go to state 99
    MENORIGUAL      shift and go to state 102
    MAYORIGUAL      shift and go to state 103

  ! MENQUE          [ reduce using rule 47 (RE -> RE IGUALQUE RE .) ]
  ! MAYQUE          [ reduce using rule 47 (RE -> RE IGUALQUE RE .) ]
  ! MENORIGUAL      [ reduce using rule 47 (RE -> RE IGUALQUE RE .) ]
  ! MAYORIGUAL      [ reduce using rule 47 (RE -> RE IGUALQUE RE .) ]
  ! IGUALQUE        [ shift and go to state 100 ]
  ! NIGUALQUE       [ shift and go to state 101 ]


state 123

    (48) RE -> RE NIGUALQUE RE .
    (45) RE -> RE . MENQUE RE
    (46) RE -> RE . MAYQUE RE
    (47) RE -> RE . IGUALQUE RE
    (48) RE -> RE . NIGUALQUE RE
    (49) RE -> RE . MENORIGUAL RE
    (50) RE -> RE . MAYORIGUAL RE

    LLAVEIZQ        reduce using rule 48 (RE -> RE NIGUALQUE RE .)
    IGUALQUE        reduce using rule 48 (RE -> RE NIGUALQUE RE .)
    NIGUALQUE       reduce using rule 48 (RE -> RE NIGUALQUE RE .)
    PARDER          reduce using rule 48 (RE -> RE NIGUALQUE RE .)
    MENQUE          shift and go to state 98
    MAYQUE          shift and go to state 99
    MENORIGUAL      shift and go to state 102
    MAYORIGUAL      shift and go to state 103

  ! MENQUE          [ reduce using rule 48 (RE -> RE NIGUALQUE RE .) ]
  ! MAYQUE          [ reduce using rule 48 (RE -> RE NIGUALQUE RE .) ]
  ! MENORIGUAL      [ reduce using rule 48 (RE -> RE NIGUALQUE RE .) ]
  ! MAYORIGUAL      [ reduce using rule 48 (RE -> RE NIGUALQUE RE .) ]
  ! IGUALQUE        [ shift and go to state 100 ]
  ! NIGUALQUE       [ shift and go to state 101 ]


state 124

    (49) RE -> RE MENORIGUAL RE .
    (45) RE -> RE . MENQUE RE
    (46) RE -> RE . MAYQUE RE
    (47) RE -> RE . IGUALQUE RE
    (48) RE -> RE . NIGUALQUE RE
    (49) RE -> RE . MENORIGUAL RE
    (50) RE -> RE . MAYORIGUAL RE

    LLAVEIZQ        reduce using rule 49 (RE -> RE MENORIGUAL RE .)
    MENQUE          reduce using rule 49 (RE -> RE MENORIGUAL RE .)
    MAYQUE          reduce using rule 49 (RE -> RE MENORIGUAL RE .)
    IGUALQUE        reduce using rule 49 (RE -> RE MENORIGUAL RE .)
    NIGUALQUE       reduce using rule 49 (RE -> RE MENORIGUAL RE .)
    MENORIGUAL      reduce using rule 49 (RE -> RE MENORIGUAL RE .)
    MAYORIGUAL      reduce using rule 49 (RE -> RE MENORIGUAL RE .)
    PARDER          reduce using rule 49 (RE -> RE MENORIGUAL RE .)

  ! MENQUE          [ shift and go to state 98 ]
  ! MAYQUE          [ shift and go to state 99 ]
  ! IGUALQUE        [ shift and go to state 100 ]
  ! NIGUALQUE       [ shift and go to state 101 ]
  ! MENORIGUAL      [ shift and go to state 102 ]
  ! MAYORIGUAL      [ shift and go to state 103 ]


state 125

    (50) RE -> RE MAYORIGUAL RE .
    (45) RE -> RE . MENQUE RE
    (46) RE -> RE . MAYQUE RE
    (47) RE -> RE . IGUALQUE RE
    (48) RE -> RE . NIGUALQUE RE
    (49) RE -> RE . MENORIGUAL RE
    (50) RE -> RE . MAYORIGUAL RE

    LLAVEIZQ        reduce using rule 50 (RE -> RE MAYORIGUAL RE .)
    MENQUE          reduce using rule 50 (RE -> RE MAYORIGUAL RE .)
    MAYQUE          reduce using rule 50 (RE -> RE MAYORIGUAL RE .)
    IGUALQUE        reduce using rule 50 (RE -> RE MAYORIGUAL RE .)
    NIGUALQUE       reduce using rule 50 (RE -> RE MAYORIGUAL RE .)
    MENORIGUAL      reduce using rule 50 (RE -> RE MAYORIGUAL RE .)
    MAYORIGUAL      reduce using rule 50 (RE -> RE MAYORIGUAL RE .)
    PARDER          reduce using rule 50 (RE -> RE MAYORIGUAL RE .)

  ! MENQUE          [ shift and go to state 98 ]
  ! MAYQUE          [ shift and go to state 99 ]
  ! IGUALQUE        [ shift and go to state 100 ]
  ! NIGUALQUE       [ shift and go to state 101 ]
  ! MENORIGUAL      [ shift and go to state 102 ]
  ! MAYORIGUAL      [ shift and go to state 103 ]


state 126

    (51) RE -> PARIZQ RE PARDER .

    LLAVEIZQ        reduce using rule 51 (RE -> PARIZQ RE PARDER .)
    MENQUE          reduce using rule 51 (RE -> PARIZQ RE PARDER .)
    MAYQUE          reduce using rule 51 (RE -> PARIZQ RE PARDER .)
    IGUALQUE        reduce using rule 51 (RE -> PARIZQ RE PARDER .)
    NIGUALQUE       reduce using rule 51 (RE -> PARIZQ RE PARDER .)
    MENORIGUAL      reduce using rule 51 (RE -> PARIZQ RE PARDER .)
    MAYORIGUAL      reduce using rule 51 (RE -> PARIZQ RE PARDER .)
    PARDER          reduce using rule 51 (RE -> PARIZQ RE PARDER .)


state 127

    (37) E -> PARIZQ E PARDER .

    MAS             reduce using rule 37 (E -> PARIZQ E PARDER .)
    MENOS           reduce using rule 37 (E -> PARIZQ E PARDER .)
    POR             reduce using rule 37 (E -> PARIZQ E PARDER .)
    DIVIDIDO        reduce using rule 37 (E -> PARIZQ E PARDER .)
    LLAVEIZQ        reduce using rule 37 (E -> PARIZQ E PARDER .)
    MENQUE          reduce using rule 37 (E -> PARIZQ E PARDER .)
    MAYQUE          reduce using rule 37 (E -> PARIZQ E PARDER .)
    IGUALQUE        reduce using rule 37 (E -> PARIZQ E PARDER .)
    NIGUALQUE       reduce using rule 37 (E -> PARIZQ E PARDER .)
    MENORIGUAL      reduce using rule 37 (E -> PARIZQ E PARDER .)
    MAYORIGUAL      reduce using rule 37 (E -> PARIZQ E PARDER .)
    PTCOMA          reduce using rule 37 (E -> PARIZQ E PARDER .)
    CORDER          reduce using rule 37 (E -> PARIZQ E PARDER .)
    PARDER          reduce using rule 37 (E -> PARIZQ E PARDER .)
    COMA            reduce using rule 37 (E -> PARIZQ E PARDER .)


state 128

    (33) E -> E MAS E .
    (33) E -> E . MAS E
    (34) E -> E . MENOS E
    (35) E -> E . POR E
    (36) E -> E . DIVIDIDO E

    MAS             reduce using rule 33 (E -> E MAS E .)
    MENOS           reduce using rule 33 (E -> E MAS E .)
    LLAVEIZQ        reduce using rule 33 (E -> E MAS E .)
    MENQUE          reduce using rule 33 (E -> E MAS E .)
    MAYQUE          reduce using rule 33 (E -> E MAS E .)
    IGUALQUE        reduce using rule 33 (E -> E MAS E .)
    NIGUALQUE       reduce using rule 33 (E -> E MAS E .)
    MENORIGUAL      reduce using rule 33 (E -> E MAS E .)
    MAYORIGUAL      reduce using rule 33 (E -> E MAS E .)
    PTCOMA          reduce using rule 33 (E -> E MAS E .)
    CORDER          reduce using rule 33 (E -> E MAS E .)
    PARDER          reduce using rule 33 (E -> E MAS E .)
    COMA            reduce using rule 33 (E -> E MAS E .)
    POR             shift and go to state 108
    DIVIDIDO        shift and go to state 109

  ! POR             [ reduce using rule 33 (E -> E MAS E .) ]
  ! DIVIDIDO        [ reduce using rule 33 (E -> E MAS E .) ]
  ! MAS             [ shift and go to state 106 ]
  ! MENOS           [ shift and go to state 107 ]


state 129

    (34) E -> E MENOS E .
    (33) E -> E . MAS E
    (34) E -> E . MENOS E
    (35) E -> E . POR E
    (36) E -> E . DIVIDIDO E

    MAS             reduce using rule 34 (E -> E MENOS E .)
    MENOS           reduce using rule 34 (E -> E MENOS E .)
    LLAVEIZQ        reduce using rule 34 (E -> E MENOS E .)
    MENQUE          reduce using rule 34 (E -> E MENOS E .)
    MAYQUE          reduce using rule 34 (E -> E MENOS E .)
    IGUALQUE        reduce using rule 34 (E -> E MENOS E .)
    NIGUALQUE       reduce using rule 34 (E -> E MENOS E .)
    MENORIGUAL      reduce using rule 34 (E -> E MENOS E .)
    MAYORIGUAL      reduce using rule 34 (E -> E MENOS E .)
    PTCOMA          reduce using rule 34 (E -> E MENOS E .)
    CORDER          reduce using rule 34 (E -> E MENOS E .)
    PARDER          reduce using rule 34 (E -> E MENOS E .)
    COMA            reduce using rule 34 (E -> E MENOS E .)
    POR             shift and go to state 108
    DIVIDIDO        shift and go to state 109

  ! POR             [ reduce using rule 34 (E -> E MENOS E .) ]
  ! DIVIDIDO        [ reduce using rule 34 (E -> E MENOS E .) ]
  ! MAS             [ shift and go to state 106 ]
  ! MENOS           [ shift and go to state 107 ]


state 130

    (35) E -> E POR E .
    (33) E -> E . MAS E
    (34) E -> E . MENOS E
    (35) E -> E . POR E
    (36) E -> E . DIVIDIDO E

    MAS             reduce using rule 35 (E -> E POR E .)
    MENOS           reduce using rule 35 (E -> E POR E .)
    POR             reduce using rule 35 (E -> E POR E .)
    DIVIDIDO        reduce using rule 35 (E -> E POR E .)
    LLAVEIZQ        reduce using rule 35 (E -> E POR E .)
    MENQUE          reduce using rule 35 (E -> E POR E .)
    MAYQUE          reduce using rule 35 (E -> E POR E .)
    IGUALQUE        reduce using rule 35 (E -> E POR E .)
    NIGUALQUE       reduce using rule 35 (E -> E POR E .)
    MENORIGUAL      reduce using rule 35 (E -> E POR E .)
    MAYORIGUAL      reduce using rule 35 (E -> E POR E .)
    PTCOMA          reduce using rule 35 (E -> E POR E .)
    CORDER          reduce using rule 35 (E -> E POR E .)
    PARDER          reduce using rule 35 (E -> E POR E .)
    COMA            reduce using rule 35 (E -> E POR E .)

  ! MAS             [ shift and go to state 106 ]
  ! MENOS           [ shift and go to state 107 ]
  ! POR             [ shift and go to state 108 ]
  ! DIVIDIDO        [ shift and go to state 109 ]


state 131

    (36) E -> E DIVIDIDO E .
    (33) E -> E . MAS E
    (34) E -> E . MENOS E
    (35) E -> E . POR E
    (36) E -> E . DIVIDIDO E

    MAS             reduce using rule 36 (E -> E DIVIDIDO E .)
    MENOS           reduce using rule 36 (E -> E DIVIDIDO E .)
    POR             reduce using rule 36 (E -> E DIVIDIDO E .)
    DIVIDIDO        reduce using rule 36 (E -> E DIVIDIDO E .)
    LLAVEIZQ        reduce using rule 36 (E -> E DIVIDIDO E .)
    MENQUE          reduce using rule 36 (E -> E DIVIDIDO E .)
    MAYQUE          reduce using rule 36 (E -> E DIVIDIDO E .)
    IGUALQUE        reduce using rule 36 (E -> E DIVIDIDO E .)
    NIGUALQUE       reduce using rule 36 (E -> E DIVIDIDO E .)
    MENORIGUAL      reduce using rule 36 (E -> E DIVIDIDO E .)
    MAYORIGUAL      reduce using rule 36 (E -> E DIVIDIDO E .)
    PTCOMA          reduce using rule 36 (E -> E DIVIDIDO E .)
    CORDER          reduce using rule 36 (E -> E DIVIDIDO E .)
    PARDER          reduce using rule 36 (E -> E DIVIDIDO E .)
    COMA            reduce using rule 36 (E -> E DIVIDIDO E .)

  ! MAS             [ shift and go to state 106 ]
  ! MENOS           [ shift and go to state 107 ]
  ! POR             [ shift and go to state 108 ]
  ! DIVIDIDO        [ shift and go to state 109 ]


state 132

    (38) E -> R_MATH PUNTO R_MOD . PARIZQ E COMA E PARDER

    PARIZQ          shift and go to state 136


state 133

    (55) ARREGLOS -> ID CORIZQ R_INT PARIZQ E . PARDER CORDER
    (33) E -> E . MAS E
    (34) E -> E . MENOS E
    (35) E -> E . POR E
    (36) E -> E . DIVIDIDO E

    PARDER          shift and go to state 137
    MAS             shift and go to state 106
    MENOS           shift and go to state 107
    POR             shift and go to state 108
    DIVIDIDO        shift and go to state 109


state 134

    (27) PRINTS -> R_FMT PUNTO R_PRINTF PARIZQ CADENA . COMA E PARDER PTCOMA
    (28) PRINTS -> R_FMT PUNTO R_PRINTF PARIZQ CADENA . COMA R_INT PARIZQ E PARDER PARDER PTCOMA

    COMA            shift and go to state 138


state 135

    (44) IFS -> R_IF RE LLAVEIZQ SALTOS LLAVEDER .

    LLAVEDER        reduce using rule 44 (IFS -> R_IF RE LLAVEIZQ SALTOS LLAVEDER .)
    ID              reduce using rule 44 (IFS -> R_IF RE LLAVEIZQ SALTOS LLAVEDER .)
    R_FMT           reduce using rule 44 (IFS -> R_IF RE LLAVEIZQ SALTOS LLAVEDER .)
    R_GOTO          reduce using rule 44 (IFS -> R_IF RE LLAVEIZQ SALTOS LLAVEDER .)
    R_IF            reduce using rule 44 (IFS -> R_IF RE LLAVEIZQ SALTOS LLAVEDER .)
    R_RETURN        reduce using rule 44 (IFS -> R_IF RE LLAVEIZQ SALTOS LLAVEDER .)


state 136

    (38) E -> R_MATH PUNTO R_MOD PARIZQ . E COMA E PARDER
    (33) E -> . E MAS E
    (34) E -> . E MENOS E
    (35) E -> . E POR E
    (36) E -> . E DIVIDIDO E
    (37) E -> . PARIZQ E PARDER
    (38) E -> . R_MATH PUNTO R_MOD PARIZQ E COMA E PARDER
    (39) E -> . MENOS E
    (40) E -> . ID
    (41) E -> . DECIMAL
    (42) E -> . ENTERO
    (43) E -> . ARREGLOS
    (54) ARREGLOS -> . ID CORIZQ E CORDER
    (55) ARREGLOS -> . ID CORIZQ R_INT PARIZQ E PARDER CORDER

    PARIZQ          shift and go to state 90
    R_MATH          shift and go to state 82
    MENOS           shift and go to state 81
    ID              shift and go to state 83
    DECIMAL         shift and go to state 84
    ENTERO          shift and go to state 85

    E                              shift and go to state 139
    ARREGLOS                       shift and go to state 86

state 137

    (55) ARREGLOS -> ID CORIZQ R_INT PARIZQ E PARDER . CORDER

    CORDER          shift and go to state 140


state 138

    (27) PRINTS -> R_FMT PUNTO R_PRINTF PARIZQ CADENA COMA . E PARDER PTCOMA
    (28) PRINTS -> R_FMT PUNTO R_PRINTF PARIZQ CADENA COMA . R_INT PARIZQ E PARDER PARDER PTCOMA
    (33) E -> . E MAS E
    (34) E -> . E MENOS E
    (35) E -> . E POR E
    (36) E -> . E DIVIDIDO E
    (37) E -> . PARIZQ E PARDER
    (38) E -> . R_MATH PUNTO R_MOD PARIZQ E COMA E PARDER
    (39) E -> . MENOS E
    (40) E -> . ID
    (41) E -> . DECIMAL
    (42) E -> . ENTERO
    (43) E -> . ARREGLOS
    (54) ARREGLOS -> . ID CORIZQ E CORDER
    (55) ARREGLOS -> . ID CORIZQ R_INT PARIZQ E PARDER CORDER

    R_INT           shift and go to state 142
    PARIZQ          shift and go to state 90
    R_MATH          shift and go to state 82
    MENOS           shift and go to state 81
    ID              shift and go to state 83
    DECIMAL         shift and go to state 84
    ENTERO          shift and go to state 85

    E                              shift and go to state 141
    ARREGLOS                       shift and go to state 86

state 139

    (38) E -> R_MATH PUNTO R_MOD PARIZQ E . COMA E PARDER
    (33) E -> E . MAS E
    (34) E -> E . MENOS E
    (35) E -> E . POR E
    (36) E -> E . DIVIDIDO E

    COMA            shift and go to state 143
    MAS             shift and go to state 106
    MENOS           shift and go to state 107
    POR             shift and go to state 108
    DIVIDIDO        shift and go to state 109


state 140

    (55) ARREGLOS -> ID CORIZQ R_INT PARIZQ E PARDER CORDER .

    IGUAL           reduce using rule 55 (ARREGLOS -> ID CORIZQ R_INT PARIZQ E PARDER CORDER .)
    MAS             reduce using rule 55 (ARREGLOS -> ID CORIZQ R_INT PARIZQ E PARDER CORDER .)
    MENOS           reduce using rule 55 (ARREGLOS -> ID CORIZQ R_INT PARIZQ E PARDER CORDER .)
    POR             reduce using rule 55 (ARREGLOS -> ID CORIZQ R_INT PARIZQ E PARDER CORDER .)
    DIVIDIDO        reduce using rule 55 (ARREGLOS -> ID CORIZQ R_INT PARIZQ E PARDER CORDER .)
    LLAVEIZQ        reduce using rule 55 (ARREGLOS -> ID CORIZQ R_INT PARIZQ E PARDER CORDER .)
    MENQUE          reduce using rule 55 (ARREGLOS -> ID CORIZQ R_INT PARIZQ E PARDER CORDER .)
    MAYQUE          reduce using rule 55 (ARREGLOS -> ID CORIZQ R_INT PARIZQ E PARDER CORDER .)
    IGUALQUE        reduce using rule 55 (ARREGLOS -> ID CORIZQ R_INT PARIZQ E PARDER CORDER .)
    NIGUALQUE       reduce using rule 55 (ARREGLOS -> ID CORIZQ R_INT PARIZQ E PARDER CORDER .)
    MENORIGUAL      reduce using rule 55 (ARREGLOS -> ID CORIZQ R_INT PARIZQ E PARDER CORDER .)
    MAYORIGUAL      reduce using rule 55 (ARREGLOS -> ID CORIZQ R_INT PARIZQ E PARDER CORDER .)
    PTCOMA          reduce using rule 55 (ARREGLOS -> ID CORIZQ R_INT PARIZQ E PARDER CORDER .)
    CORDER          reduce using rule 55 (ARREGLOS -> ID CORIZQ R_INT PARIZQ E PARDER CORDER .)
    PARDER          reduce using rule 55 (ARREGLOS -> ID CORIZQ R_INT PARIZQ E PARDER CORDER .)
    COMA            reduce using rule 55 (ARREGLOS -> ID CORIZQ R_INT PARIZQ E PARDER CORDER .)


state 141

    (27) PRINTS -> R_FMT PUNTO R_PRINTF PARIZQ CADENA COMA E . PARDER PTCOMA
    (33) E -> E . MAS E
    (34) E -> E . MENOS E
    (35) E -> E . POR E
    (36) E -> E . DIVIDIDO E

    PARDER          shift and go to state 144
    MAS             shift and go to state 106
    MENOS           shift and go to state 107
    POR             shift and go to state 108
    DIVIDIDO        shift and go to state 109


state 142

    (28) PRINTS -> R_FMT PUNTO R_PRINTF PARIZQ CADENA COMA R_INT . PARIZQ E PARDER PARDER PTCOMA

    PARIZQ          shift and go to state 145


state 143

    (38) E -> R_MATH PUNTO R_MOD PARIZQ E COMA . E PARDER
    (33) E -> . E MAS E
    (34) E -> . E MENOS E
    (35) E -> . E POR E
    (36) E -> . E DIVIDIDO E
    (37) E -> . PARIZQ E PARDER
    (38) E -> . R_MATH PUNTO R_MOD PARIZQ E COMA E PARDER
    (39) E -> . MENOS E
    (40) E -> . ID
    (41) E -> . DECIMAL
    (42) E -> . ENTERO
    (43) E -> . ARREGLOS
    (54) ARREGLOS -> . ID CORIZQ E CORDER
    (55) ARREGLOS -> . ID CORIZQ R_INT PARIZQ E PARDER CORDER

    PARIZQ          shift and go to state 90
    R_MATH          shift and go to state 82
    MENOS           shift and go to state 81
    ID              shift and go to state 83
    DECIMAL         shift and go to state 84
    ENTERO          shift and go to state 85

    E                              shift and go to state 146
    ARREGLOS                       shift and go to state 86

state 144

    (27) PRINTS -> R_FMT PUNTO R_PRINTF PARIZQ CADENA COMA E PARDER . PTCOMA

    PTCOMA          shift and go to state 147


state 145

    (28) PRINTS -> R_FMT PUNTO R_PRINTF PARIZQ CADENA COMA R_INT PARIZQ . E PARDER PARDER PTCOMA
    (33) E -> . E MAS E
    (34) E -> . E MENOS E
    (35) E -> . E POR E
    (36) E -> . E DIVIDIDO E
    (37) E -> . PARIZQ E PARDER
    (38) E -> . R_MATH PUNTO R_MOD PARIZQ E COMA E PARDER
    (39) E -> . MENOS E
    (40) E -> . ID
    (41) E -> . DECIMAL
    (42) E -> . ENTERO
    (43) E -> . ARREGLOS
    (54) ARREGLOS -> . ID CORIZQ E CORDER
    (55) ARREGLOS -> . ID CORIZQ R_INT PARIZQ E PARDER CORDER

    PARIZQ          shift and go to state 90
    R_MATH          shift and go to state 82
    MENOS           shift and go to state 81
    ID              shift and go to state 83
    DECIMAL         shift and go to state 84
    ENTERO          shift and go to state 85

    E                              shift and go to state 148
    ARREGLOS                       shift and go to state 86

state 146

    (38) E -> R_MATH PUNTO R_MOD PARIZQ E COMA E . PARDER
    (33) E -> E . MAS E
    (34) E -> E . MENOS E
    (35) E -> E . POR E
    (36) E -> E . DIVIDIDO E

    PARDER          shift and go to state 149
    MAS             shift and go to state 106
    MENOS           shift and go to state 107
    POR             shift and go to state 108
    DIVIDIDO        shift and go to state 109


state 147

    (27) PRINTS -> R_FMT PUNTO R_PRINTF PARIZQ CADENA COMA E PARDER PTCOMA .

    LLAVEDER        reduce using rule 27 (PRINTS -> R_FMT PUNTO R_PRINTF PARIZQ CADENA COMA E PARDER PTCOMA .)
    ID              reduce using rule 27 (PRINTS -> R_FMT PUNTO R_PRINTF PARIZQ CADENA COMA E PARDER PTCOMA .)
    R_FMT           reduce using rule 27 (PRINTS -> R_FMT PUNTO R_PRINTF PARIZQ CADENA COMA E PARDER PTCOMA .)
    R_GOTO          reduce using rule 27 (PRINTS -> R_FMT PUNTO R_PRINTF PARIZQ CADENA COMA E PARDER PTCOMA .)
    R_IF            reduce using rule 27 (PRINTS -> R_FMT PUNTO R_PRINTF PARIZQ CADENA COMA E PARDER PTCOMA .)
    R_RETURN        reduce using rule 27 (PRINTS -> R_FMT PUNTO R_PRINTF PARIZQ CADENA COMA E PARDER PTCOMA .)


state 148

    (28) PRINTS -> R_FMT PUNTO R_PRINTF PARIZQ CADENA COMA R_INT PARIZQ E . PARDER PARDER PTCOMA
    (33) E -> E . MAS E
    (34) E -> E . MENOS E
    (35) E -> E . POR E
    (36) E -> E . DIVIDIDO E

    PARDER          shift and go to state 150
    MAS             shift and go to state 106
    MENOS           shift and go to state 107
    POR             shift and go to state 108
    DIVIDIDO        shift and go to state 109


state 149

    (38) E -> R_MATH PUNTO R_MOD PARIZQ E COMA E PARDER .

    MAS             reduce using rule 38 (E -> R_MATH PUNTO R_MOD PARIZQ E COMA E PARDER .)
    MENOS           reduce using rule 38 (E -> R_MATH PUNTO R_MOD PARIZQ E COMA E PARDER .)
    POR             reduce using rule 38 (E -> R_MATH PUNTO R_MOD PARIZQ E COMA E PARDER .)
    DIVIDIDO        reduce using rule 38 (E -> R_MATH PUNTO R_MOD PARIZQ E COMA E PARDER .)
    LLAVEIZQ        reduce using rule 38 (E -> R_MATH PUNTO R_MOD PARIZQ E COMA E PARDER .)
    MENQUE          reduce using rule 38 (E -> R_MATH PUNTO R_MOD PARIZQ E COMA E PARDER .)
    MAYQUE          reduce using rule 38 (E -> R_MATH PUNTO R_MOD PARIZQ E COMA E PARDER .)
    IGUALQUE        reduce using rule 38 (E -> R_MATH PUNTO R_MOD PARIZQ E COMA E PARDER .)
    NIGUALQUE       reduce using rule 38 (E -> R_MATH PUNTO R_MOD PARIZQ E COMA E PARDER .)
    MENORIGUAL      reduce using rule 38 (E -> R_MATH PUNTO R_MOD PARIZQ E COMA E PARDER .)
    MAYORIGUAL      reduce using rule 38 (E -> R_MATH PUNTO R_MOD PARIZQ E COMA E PARDER .)
    PTCOMA          reduce using rule 38 (E -> R_MATH PUNTO R_MOD PARIZQ E COMA E PARDER .)
    CORDER          reduce using rule 38 (E -> R_MATH PUNTO R_MOD PARIZQ E COMA E PARDER .)
    PARDER          reduce using rule 38 (E -> R_MATH PUNTO R_MOD PARIZQ E COMA E PARDER .)
    COMA            reduce using rule 38 (E -> R_MATH PUNTO R_MOD PARIZQ E COMA E PARDER .)


state 150

    (28) PRINTS -> R_FMT PUNTO R_PRINTF PARIZQ CADENA COMA R_INT PARIZQ E PARDER . PARDER PTCOMA

    PARDER          shift and go to state 151


state 151

    (28) PRINTS -> R_FMT PUNTO R_PRINTF PARIZQ CADENA COMA R_INT PARIZQ E PARDER PARDER . PTCOMA

    PTCOMA          shift and go to state 152


state 152

    (28) PRINTS -> R_FMT PUNTO R_PRINTF PARIZQ CADENA COMA R_INT PARIZQ E PARDER PARDER PTCOMA .

    LLAVEDER        reduce using rule 28 (PRINTS -> R_FMT PUNTO R_PRINTF PARIZQ CADENA COMA R_INT PARIZQ E PARDER PARDER PTCOMA .)
    ID              reduce using rule 28 (PRINTS -> R_FMT PUNTO R_PRINTF PARIZQ CADENA COMA R_INT PARIZQ E PARDER PARDER PTCOMA .)
    R_FMT           reduce using rule 28 (PRINTS -> R_FMT PUNTO R_PRINTF PARIZQ CADENA COMA R_INT PARIZQ E PARDER PARDER PTCOMA .)
    R_GOTO          reduce using rule 28 (PRINTS -> R_FMT PUNTO R_PRINTF PARIZQ CADENA COMA R_INT PARIZQ E PARDER PARDER PTCOMA .)
    R_IF            reduce using rule 28 (PRINTS -> R_FMT PUNTO R_PRINTF PARIZQ CADENA COMA R_INT PARIZQ E PARDER PARDER PTCOMA .)
    R_RETURN        reduce using rule 28 (PRINTS -> R_FMT PUNTO R_PRINTF PARIZQ CADENA COMA R_INT PARIZQ E PARDER PARDER PTCOMA .)

WARNING: 
WARNING: Conflicts:
WARNING: 
WARNING: shift/reduce conflict for PARDER in state 105 resolved as shift
